Kerbal Space Program - 1.0.2.842 (WindowsPlayer)


OS: Windows 8.1  (6.3.9600) 64bit
CPU: Intel(R) Core(TM) i7-3770K CPU @ 3.50GHz (8)
RAM: 16269
GPU: AMD Radeon HD 6900 Series (2032MB)
SM: 30 (Direct3D 9.0c [aticfx32.dll 8.17.10.1333])
RT Formats: ARGB32, Depth, ARGBHalf, RGB565, ARGB4444, ARGB1555, Default, DefaultHDR, ARGBFloat, RGFloat, RGHalf, RFloat, RHalf, R8


Log started: Wed, Jun 10, 2015 01:37:40


[LOG 01:37:42.471] PhysicsGlobals: Loading database
[LOG 01:37:42.864] Load(Assembly): Kerbaltek/HyperEdit
[LOG 01:37:42.925] AssemblyLoader: Loading assembly at C:\ksp_dev\GameData\Kerbaltek\HyperEdit.dll
[LOG 01:37:43.514] Load(Assembly): SKRApi/SKRApi
[LOG 01:37:43.514] AssemblyLoader: Loading assembly at C:\ksp_dev\GameData\SKRApi\SKRApi.dll
[LOG 01:37:43.520] Load(Assembly): SwiftKSPRemote/SwiftKSPRemote
[LOG 01:37:43.520] AssemblyLoader: Loading assembly at C:\ksp_dev\GameData\SwiftKSPRemote\SwiftKSPRemote.dll
[LOG 01:37:43.521] Load(Assembly): SwiftKSPRemote/Thrift
[LOG 01:37:43.521] AssemblyLoader: Loading assembly at C:\ksp_dev\GameData\SwiftKSPRemote\Thrift.dll
[LOG 01:37:43.530] AssemblyLoader: Loading assemblies
[ERR 01:37:43.550] AssemblyLoader: Exception loading 'SKRApi': System.Reflection.ReflectionTypeLoadException: The classes in the module cannot be loaded.
  at (wrapper managed-to-native) System.Reflection.Assembly:GetTypes (bool)
  at System.Reflection.Assembly.GetTypes () [0x00000] in <filename unknown>:0 
  at AssemblyLoader.LoadAssemblies () [0x00000] in <filename unknown>:0 

Additional information about this exception:

 System.TypeLoadException: Could not load type 'SKRApi.SKRApiService+Client' from assembly 'SKRApi, Version=1.0.0.0, Culture=neutral, PublicKeyToken=null'.

 System.TypeLoadException: Could not load type 'SKRApi.SKRApiServiceStartup' from assembly 'SKRApi, Version=1.0.0.0, Culture=neutral, PublicKeyToken=null'.

 System.IO.FileNotFoundException: Could not load file or assembly 'SwiftKSPRemote, Version=1.0.0.0, Culture=neutral, PublicKeyToken=null' or one of its dependencies.
File name: 'SwiftKSPRemote, Version=1.0.0.0, Culture=neutral, PublicKeyToken=null'

 System.IO.FileNotFoundException: Could not load file or assembly 'Thrift, Version=0.9.2.0, Culture=neutral, PublicKeyToken=null' or one of its dependencies.
File name: 'Thrift, Version=0.9.2.0, Culture=neutral, PublicKeyToken=null'

 System.TypeLoadException: Could not load type 'ProcessFunction' from assembly 'SKRApi, Version=1.0.0.0, Culture=neutral, PublicKeyToken=null'.

 System.IO.FileNotFoundException: Could not load file or assembly 'Thrift, Version=0.9.2.0, Culture=neutral, PublicKeyToken=null' or one of its dependencies.
File name: 'Thrift, Version=0.9.2.0, Culture=neutral, PublicKeyToken=null'

 System.IO.FileNotFoundException: Could not load file or assembly 'Thrift, Version=0.9.2.0, Culture=neutral, PublicKeyToken=null' or one of its dependencies.
File name: 'Thrift, Version=0.9.2.0, Culture=neutral, PublicKeyToken=null'

 System.IO.FileNotFoundException: Could not load file or assembly 'Thrift, Version=0.9.2.0, Culture=neutral, PublicKeyToken=null' or one of its dependencies.
File name: 'Thrift, Version=0.9.2.0, Culture=neutral, PublicKeyToken=null'

 System.TypeLoadException: Could not load type 'Isset' from assembly 'SKRApi, Version=1.0.0.0, Culture=neutral, PublicKeyToken=null'.

 System.IO.FileNotFoundException: Could not load file or assembly 'Thrift, Version=0.9.2.0, Culture=neutral, PublicKeyToken=null' or one of its dependencies.
File name: 'Thrift, Version=0.9.2.0, Culture=neutral, PublicKeyToken=null'

 System.TypeLoadException: Could not load type 'Isset' from assembly 'SKRApi, Version=1.0.0.0, Culture=neutral, PublicKeyToken=null'.

 System.IO.FileNotFoundException: Could not load file or assembly 'Thrift, Version=0.9.2.0, Culture=neutral, PublicKeyToken=null' or one of its dependencies.
File name: 'Thrift, Version=0.9.2.0, Culture=neutral, PublicKeyToken=null'

 System.IO.FileNotFoundException: Could not load file or assembly 'Thrift, Version=0.9.2.0, Culture=neutral, PublicKeyToken=null' or one of its dependencies.
File name: 'Thrift, Version=0.9.2.0, Culture=neutral, PublicKeyToken=null'

 System.TypeLoadException: Could not load type 'Isset' from assembly 'SKRApi, Version=1.0.0.0, Culture=neutral, PublicKeyToken=null'.

 System.IO.FileNotFoundException: Could not load file or assembly 'Thrift, Version=0.9.2.0, Culture=neutral, PublicKeyToken=null' or one of its dependencies.
File name: 'Thrift, Version=0.9.2.0, Culture=neutral, PublicKeyToken=null'

 System.IO.FileNotFoundException: Could not load file or assembly 'Thrift, Version=0.9.2.0, Culture=neutral, PublicKeyToken=null' or one of its dependencies.
File name: 'Thrift, Version=0.9.2.0, Culture=neutral, PublicKeyToken=null'

 System.TypeLoadException: Could not load type 'Isset' from assembly 'SKRApi, Version=1.0.0.0, Culture=neutral, PublicKeyToken=null'.

 System.IO.FileNotFoundException: Could not load file or assembly 'Thrift, Version=0.9.2.0, Culture=neutral, PublicKeyToken=null' or one of its dependencies.
File name: 'Thrift, Version=0.9.2.0, Culture=neutral, PublicKeyToken=null'

 System.IO.FileNotFoundException: Could not load file or assembly 'Thrift, Version=0.9.2.0, Culture=neutral, PublicKeyToken=null' or one of its dependencies.
File name: 'Thrift, Version=0.9.2.0, Culture=neutral, PublicKeyToken=null'

 System.TypeLoadException: Could not load type 'Isset' from assembly 'SKRApi, Version=1.0.0.0, Culture=neutral, PublicKeyToken=null'.

 System.IO.FileNotFoundException: Could not load file or assembly 'Thrift, Version=0.9.2.0, Culture=neutral, PublicKeyToken=null' or one of its dependencies.
File name: 'Thrift, Version=0.9.2.0, Culture=neutral, PublicKeyToken=null'

 System.IO.FileNotFoundException: Could not load file or assembly 'Thrift, Version=0.9.2.0, Culture=neutral, PublicKeyToken=null' or one of its dependencies.
File name: 'Thrift, Version=0.9.2.0, Culture=neutral, PublicKeyToken=null'

 System.TypeLoadException: Could not load type 'Isset' from assembly 'SKRApi, Version=1.0.0.0, Culture=neutral, PublicKeyToken=null'.

 System.IO.FileNotFoundException: Could not load file or assembly 'Thrift, Version=0.9.2.0, Culture=neutral, PublicKeyToken=null' or one of its dependencies.
File name: 'Thrift, Version=0.9.2.0, Culture=neutral, PublicKeyToken=null'

 System.TypeLoadException: Could not load type 'Isset' from assembly 'SKRApi, Version=1.0.0.0, Culture=neutral, PublicKeyToken=null'.

 System.IO.FileNotFoundException: Could not load file or assembly 'Thrift, Version=0.9.2.0, Culture=neutral, PublicKeyToken=null' or one of its dependencies.
File name: 'Thrift, Version=0.9.2.0, Culture=neutral, PublicKeyToken=null'

 System.TypeLoadException: Could not load type 'Isset' from assembly 'SKRApi, Version=1.0.0.0, Culture=neutral, PublicKeyToken=null'.

[ERR 01:37:43.554] AssemblyLoader: Exception loading 'Thrift': System.Reflection.ReflectionTypeLoadException: The classes in the module cannot be loaded.
  at (wrapper managed-to-native) System.Reflection.Assembly:GetTypes (bool)
  at System.Reflection.Assembly.GetTypes () [0x00000] in <filename unknown>:0 
  at AssemblyLoader.LoadAssemblies () [0x00000] in <filename unknown>:0 

Additional information about this exception:

 System.TypeLoadException: Could not load type 'Thrift.Transport.TNamedPipeClientTransport' from assembly 'Thrift, Version=0.9.2.0, Culture=neutral, PublicKeyToken=null'.

 System.TypeLoadException: Could not load type 'Thrift.Transport.TNamedPipeServerTransport' from assembly 'Thrift, Version=0.9.2.0, Culture=neutral, PublicKeyToken=null'.

 System.IO.FileNotFoundException: Could not load file or assembly 'System.Web, Version=2.0.0.0, Culture=neutral, PublicKeyToken=b03f5f7f11d50a3a' or one of its dependencies.
File name: 'System.Web, Version=2.0.0.0, Culture=neutral, PublicKeyToken=b03f5f7f11d50a3a'

 System.TypeLoadException: Could not load type 'ServerTransport' from assembly 'Thrift, Version=0.9.2.0, Culture=neutral, PublicKeyToken=null'.

[LOG 01:37:43.555] VesselModules: Found 1 VesselModule types
[LOG 01:37:43.710] Load(Audio): Squad/Sounds/editorLoop01
[LOG 01:37:43.984] Load(Audio): Squad/Sounds/sound_ambience_nature
[LOG 01:37:44.000] Load(Audio): Squad/Sounds/sound_click_flick
[LOG 01:37:44.002] Load(Audio): Squad/Sounds/sound_click_latch
[LOG 01:37:44.005] Load(Audio): Squad/Sounds/sound_click_sharp
[LOG 01:37:44.016] Load(Audio): Squad/Sounds/sound_click_tick
[LOG 01:37:44.029] Load(Audio): Squad/Sounds/sound_click_tock
[LOG 01:37:44.032] Load(Audio): Squad/Sounds/sound_decoupler_fire
[LOG 01:37:44.035] Load(Audio): Squad/Sounds/sound_delete_bin
[LOG 01:37:44.037] Load(Audio): Squad/Sounds/sound_explosion_debris1
[LOG 01:37:44.040] Load(Audio): Squad/Sounds/sound_explosion_debris2
[LOG 01:37:44.044] Load(Audio): Squad/Sounds/sound_explosion_large
[LOG 01:37:44.047] Load(Audio): Squad/Sounds/sound_rocket_mini
[LOG 01:37:44.051] Load(Audio): Squad/Sounds/sound_rocket_spurts
[LOG 01:37:44.055] Load(Audio): Squad/Sounds/sound_tab_extend
[LOG 01:37:44.058] Load(Audio): Squad/Sounds/sound_tab_retreat
[LOG 01:37:44.060] Load(Texture): Kerbaltek/Flags/Kerbaltek-Aerospace
[LOG 01:37:44.074] Load(Texture): Kerbaltek/Flags/Kerbaltek-Rocket
[LOG 01:37:44.083] Load(Texture): Kerbaltek/Flags/Kerbaltek-Satellite
[LOG 01:37:44.091] Load(Texture): Kerbaltek/Flags/Kerbaltek-Spaceplane
[LOG 01:37:44.101] Load(Texture): Kerbaltek/Flags/Kerbaltek-Station
[LOG 01:37:44.109] Load(Texture): Squad/Agencies/C7AerospaceDivision
[LOG 01:37:44.117] Load(Texture): Squad/Agencies/C7AerospaceDivision_scaled
[LOG 01:37:44.123] Load(Texture): Squad/Agencies/DinkelsteinKermansConstructionEmporium
[LOG 01:37:44.129] Load(Texture): Squad/Agencies/DinkelsteinKermansConstructionEmporium_scaled
[LOG 01:37:44.136] Load(Texture): Squad/Agencies/ExperimentalEngineering
[LOG 01:37:44.144] Load(Texture): Squad/Agencies/ExperimentalEngineering_scaled
[LOG 01:37:44.150] Load(Texture): Squad/Agencies/FlooydResearchLab
[LOG 01:37:44.156] Load(Texture): Squad/Agencies/FlooydResearchLab_scaled
[LOG 01:37:44.163] Load(Texture): Squad/Agencies/GoliathNationalProducts
[LOG 01:37:44.169] Load(Texture): Squad/Agencies/GoliathNationalProducts_scaled
[LOG 01:37:44.175] Load(Texture): Squad/Agencies/IntegratedIntegrals
[LOG 01:37:44.182] Load(Texture): Squad/Agencies/IntegratedIntegrals_scaled
[LOG 01:37:44.188] Load(Texture): Squad/Agencies/IonicSymphonicProtonicElectronics
[LOG 01:37:44.194] Load(Texture): Squad/Agencies/IonicSymphonicProtonicElectronics_scaled
[LOG 01:37:44.200] Load(Texture): Squad/Agencies/JebsJunkyard
[LOG 01:37:44.207] Load(Texture): Squad/Agencies/JebsJunkyard_scaled
[LOG 01:37:44.213] Load(Texture): Squad/Agencies/KerbalMotion
[LOG 01:37:44.219] Load(Texture): Squad/Agencies/KerbalMotion_scaled
[LOG 01:37:44.226] Load(Texture): Squad/Agencies/KerbinWorldFirstRecordKeepingSociety
[LOG 01:37:44.232] Load(Texture): Squad/Agencies/KerbinWorldFirstRecordKeepingSociety_scaled
[LOG 01:37:44.238] Load(Texture): Squad/Agencies/Kerbodyne
[LOG 01:37:44.245] Load(Texture): Squad/Agencies/Kerbodyne_scaled
[LOG 01:37:44.251] Load(Texture): Squad/Agencies/Kerlington
[LOG 01:37:44.257] Load(Texture): Squad/Agencies/Kerlington_scaled
[LOG 01:37:44.263] Load(Texture): Squad/Agencies/MaxoConstructionToys
[LOG 01:37:44.270] Load(Texture): Squad/Agencies/MaxoConstructionToys_scaled
[LOG 01:37:44.276] Load(Texture): Squad/Agencies/MovingPartsExpertsGroup
[LOG 01:37:44.282] Load(Texture): Squad/Agencies/MovingPartsExpertsGroup_scaled
[LOG 01:37:44.289] Load(Texture): Squad/Agencies/OMBDemolition
[LOG 01:37:44.295] Load(Texture): Squad/Agencies/OMBDemolition_scaled
[LOG 01:37:44.301] Load(Texture): Squad/Agencies/PeriapsisCo
[LOG 01:37:44.307] Load(Texture): Squad/Agencies/PeriapsisCo_scaled
[LOG 01:37:44.314] Load(Texture): Squad/Agencies/Probodobodyne
[LOG 01:37:44.320] Load(Texture): Squad/Agencies/Probodobodyne_scaled
[LOG 01:37:44.326] Load(Texture): Squad/Agencies/R&D
[LOG 01:37:44.333] Load(Texture): Squad/Agencies/R&D_scaled
[LOG 01:37:44.339] Load(Texture): Squad/Agencies/ReactionSystemsLtd
[LOG 01:37:44.345] Load(Texture): Squad/Agencies/ReactionSystemsLtd_scaled
[LOG 01:37:44.352] Load(Texture): Squad/Agencies/Rockomax
[LOG 01:37:44.358] Load(Texture): Squad/Agencies/Rockomax_scaled
[LOG 01:37:44.364] Load(Texture): Squad/Agencies/Rokea
[LOG 01:37:44.370] Load(Texture): Squad/Agencies/Rokea_scaled
[LOG 01:37:44.377] Load(Texture): Squad/Agencies/SeansCannery
[LOG 01:37:44.383] Load(Texture): Squad/Agencies/SeansCannery_scaled
[LOG 01:37:44.389] Load(Texture): Squad/Agencies/SteadlerEngineeringCorps
[LOG 01:37:44.396] Load(Texture): Squad/Agencies/SteadlerEngineeringCorps_scaled
[LOG 01:37:44.402] Load(Texture): Squad/Agencies/StrutCo
[LOG 01:37:44.408] Load(Texture): Squad/Agencies/StrutCo_scaled
[LOG 01:37:44.414] Load(Texture): Squad/Agencies/Vac-Co
[LOG 01:37:44.421] Load(Texture): Squad/Agencies/Vac-Co_scaled
[LOG 01:37:44.427] Load(Texture): Squad/Agencies/WinterOwl
[LOG 01:37:44.433] Load(Texture): Squad/Agencies/WinterOwl_scaled
[LOG 01:37:44.440] Load(Texture): Squad/Agencies/ZaltonicElectronics
[LOG 01:37:44.446] Load(Texture): Squad/Agencies/ZaltonicElectronics_scaled
[LOG 01:37:44.452] Load(Texture): Squad/Contracts/Icons/an
[LOG 01:37:44.459] Load(Texture): Squad/Contracts/Icons/ap
[LOG 01:37:44.465] Load(Texture): Squad/Contracts/Icons/balloon
[LOG 01:37:44.471] Load(Texture): Squad/Contracts/Icons/default
[LOG 01:37:44.477] Load(Texture): Squad/Contracts/Icons/dish
[LOG 01:37:44.484] Load(Texture): Squad/Contracts/Icons/dn
[LOG 01:37:44.490] Load(Texture): Squad/Contracts/Icons/eva
[LOG 01:37:44.496] Load(Texture): Squad/Contracts/Icons/gravity
[LOG 01:37:44.503] Load(Texture): Squad/Contracts/Icons/marker
[LOG 01:37:44.509] Load(Texture): Squad/Contracts/Icons/orbit
[LOG 01:37:44.515] Load(Texture): Squad/Contracts/Icons/pe
[LOG 01:37:44.521] Load(Texture): Squad/Contracts/Icons/pressure
[LOG 01:37:44.528] Load(Texture): Squad/Contracts/Icons/report
[LOG 01:37:44.534] Load(Texture): Squad/Contracts/Icons/sample
[LOG 01:37:44.540] Load(Texture): Squad/Contracts/Icons/seismic
[LOG 01:37:44.547] Load(Texture): Squad/Contracts/Icons/thermometer
[LOG 01:37:44.553] Load(Texture): Squad/Flags/09
[LOG 01:37:44.561] Load(Texture): Squad/Flags/blorbs
[LOG 01:37:44.569] Load(Texture): Squad/Flags/bullseye
[LOG 01:37:44.577] Load(Texture): Squad/Flags/capsule
[LOG 01:37:44.585] Load(Texture): Squad/Flags/circles
[LOG 01:37:44.594] Load(Texture): Squad/Flags/default
[LOG 01:37:44.602] Load(Texture): Squad/Flags/esa_black
[LOG 01:37:44.611] Load(Texture): Squad/Flags/esa_dark_blue
[LOG 01:37:44.619] Load(Texture): Squad/Flags/esa_grey
[LOG 01:37:44.627] Load(Texture): Squad/Flags/esa_negative
[LOG 01:37:44.636] Load(Texture): Squad/Flags/esa_white
[LOG 01:37:44.644] Load(Texture): Squad/Flags/hexagon
[LOG 01:37:44.652] Load(Texture): Squad/Flags/hexagonCircles
[LOG 01:37:44.660] Load(Texture): Squad/Flags/kerbal1
[LOG 01:37:44.668] Load(Texture): Squad/Flags/kerbal2
[LOG 01:37:44.676] Load(Texture): Squad/Flags/kerbin
[LOG 01:37:44.685] Load(Texture): Squad/Flags/kerbinmunflag
[LOG 01:37:44.693] Load(Texture): Squad/Flags/line
[LOG 01:37:44.701] Load(Texture): Squad/Flags/minimalistic
[LOG 01:37:44.713] Load(Texture): Squad/Flags/NASA
[LOG 01:37:44.722] Load(Texture): Squad/Flags/orbit
[LOG 01:37:44.730] Load(Texture): Squad/Flags/orbs
[LOG 01:37:44.738] Load(Texture): Squad/Flags/retro
[LOG 01:37:44.747] Load(Texture): Squad/Flags/rings
[LOG 01:37:44.756] Load(Texture): Squad/Flags/rocketScience
[LOG 01:37:44.764] Load(Texture): Squad/Flags/satellite
[LOG 01:37:44.772] Load(Texture): Squad/Flags/spheres
[LOG 01:37:44.781] Load(Texture): Squad/Flags/squadLogo
[LOG 01:37:44.790] Load(Texture): Squad/Flags/squadLogo2
[LOG 01:37:44.798] Load(Texture): Squad/Flags/stripes
[LOG 01:37:44.806] Load(Texture): Squad/Flags/trees
[LOG 01:37:44.814] Load(Texture): Squad/Flags/trippy
[LOG 01:37:44.824] Load(Texture): Squad/Flags/uk_space_agency
[LOG 01:37:44.832] Load(Texture): Squad/FX/rocketplume2
[LOG 01:37:44.839] Load(Texture): Squad/FX/shockDiamond2
[LOG 01:37:44.845] Load(Texture): Squad/FX/smokepuff1
[LOG 01:37:44.851] Load(Texture): Squad/PartList/SimpleIcons/cs_main
[LOG 01:37:44.858] Load(Texture): Squad/PartList/SimpleIcons/cs_mk2
[LOG 01:37:44.866] Load(Texture): Squad/PartList/SimpleIcons/cs_mk3
[LOG 01:37:44.872] Load(Texture): Squad/PartList/SimpleIcons/cs_size0
[LOG 01:37:44.879] Load(Texture): Squad/PartList/SimpleIcons/cs_size1
[LOG 01:37:44.885] Load(Texture): Squad/PartList/SimpleIcons/cs_size2
[LOG 01:37:44.893] Load(Texture): Squad/PartList/SimpleIcons/cs_size3
[LOG 01:37:44.900] Load(Texture): Squad/PartList/SimpleIcons/cs_surface
[LOG 01:37:44.907] Load(Texture): Squad/PartList/SimpleIcons/fuels_monopropellant
[LOG 01:37:44.914] Load(Texture): Squad/PartList/SimpleIcons/fuels_ore
[LOG 01:37:44.921] Load(Texture): Squad/PartList/SimpleIcons/fuels_oxidizer
[LOG 01:37:44.929] Load(Texture): Squad/PartList/SimpleIcons/fuels_solidfuel
[LOG 01:37:44.936] Load(Texture): Squad/PartList/SimpleIcons/fuels_xenongas
[LOG 01:37:44.943] Load(Texture): Squad/PartList/SimpleIcons/number1
[LOG 01:37:44.949] Load(Texture): Squad/PartList/SimpleIcons/number2
[LOG 01:37:44.956] Load(Texture): Squad/PartList/SimpleIcons/number3
[LOG 01:37:44.964] Load(Texture): Squad/PartList/SimpleIcons/number4
[LOG 01:37:44.970] Load(Texture): Squad/PartList/SimpleIcons/number5
[LOG 01:37:44.977] Load(Texture): Squad/PartList/SimpleIcons/number6
[LOG 01:37:44.984] Load(Texture): Squad/PartList/SimpleIcons/number7
[LOG 01:37:44.992] Load(Texture): Squad/PartList/SimpleIcons/number8
[LOG 01:37:44.998] Load(Texture): Squad/PartList/SimpleIcons/number9
[LOG 01:37:45.004] Load(Texture): Squad/PartList/SimpleIcons/R&D_node_icon_advaerodynamics
[LOG 01:37:45.011] Load(Texture): Squad/PartList/SimpleIcons/R&D_node_icon_advancedmotors
[LOG 01:37:45.019] Load(Texture): Squad/PartList/SimpleIcons/R&D_node_icon_advconstruction
[LOG 01:37:45.026] Load(Texture): Squad/PartList/SimpleIcons/R&D_node_icon_advelectrics
[LOG 01:37:45.033] Load(Texture): Squad/PartList/SimpleIcons/R&D_node_icon_advexploration
[LOG 01:37:45.040] Load(Texture): Squad/PartList/SimpleIcons/R&D_node_icon_advflightcontrol
[LOG 01:37:45.047] Load(Texture): Squad/PartList/SimpleIcons/R&D_node_icon_advlanding
[LOG 01:37:45.054] Load(Texture): Squad/PartList/SimpleIcons/R&D_node_icon_advmetalworks
[LOG 01:37:45.062] Load(Texture): Squad/PartList/SimpleIcons/R&D_node_icon_advrocketry
[LOG 01:37:45.069] Load(Texture): Squad/PartList/SimpleIcons/R&D_node_icon_advsciencetech
[LOG 01:37:45.076] Load(Texture): Squad/PartList/SimpleIcons/R&D_node_icon_advunmanned
[LOG 01:37:45.082] Load(Texture): Squad/PartList/SimpleIcons/R&D_node_icon_aerodynamicsystems
[LOG 01:37:45.089] Load(Texture): Squad/PartList/SimpleIcons/R&D_node_icon_aerospacetech
[LOG 01:37:45.095] Load(Texture): Squad/PartList/SimpleIcons/R&D_node_icon_automation
[LOG 01:37:45.101] Load(Texture): Squad/PartList/SimpleIcons/R&D_node_icon_basicprobes
[LOG 01:37:45.108] Load(Texture): Squad/PartList/SimpleIcons/R&D_node_icon_basicrocketry
[LOG 01:37:45.115] Load(Texture): Squad/PartList/SimpleIcons/R&D_node_icon_composites
[LOG 01:37:45.121] Load(Texture): Squad/PartList/SimpleIcons/R&D_node_icon_electrics
[LOG 01:37:45.127] Load(Texture): Squad/PartList/SimpleIcons/R&D_node_icon_electronics
[LOG 01:37:45.134] Load(Texture): Squad/PartList/SimpleIcons/R&D_node_icon_evatech
[LOG 01:37:45.140] Load(Texture): Squad/PartList/SimpleIcons/R&D_node_icon_experimentalaerodynamics
[LOG 01:37:45.146] Load(Texture): Squad/PartList/SimpleIcons/R&D_node_icon_experimentalelectrics
[LOG 01:37:45.153] Load(Texture): Squad/PartList/SimpleIcons/R&D_node_icon_experimentalmotors
[LOG 01:37:45.160] Load(Texture): Squad/PartList/SimpleIcons/R&D_node_icon_experimentalrocketry
[LOG 01:37:45.167] Load(Texture): Squad/PartList/SimpleIcons/R&D_node_icon_experimentalscience
[LOG 01:37:45.174] Load(Texture): Squad/PartList/SimpleIcons/R&D_node_icon_fieldscience
[LOG 01:37:45.180] Load(Texture): Squad/PartList/SimpleIcons/R&D_node_icon_flightcontrol
[LOG 01:37:45.186] Load(Texture): Squad/PartList/SimpleIcons/R&D_node_icon_fuelsystems
[LOG 01:37:45.192] Load(Texture): Squad/PartList/SimpleIcons/R&D_node_icon_generalconstruction
[LOG 01:37:45.199] Load(Texture): Squad/PartList/SimpleIcons/R&D_node_icon_generalrocketry
[LOG 01:37:45.205] Load(Texture): Squad/PartList/SimpleIcons/R&D_node_icon_generic
[LOG 01:37:45.212] Load(Texture): Squad/PartList/SimpleIcons/R&D_node_icon_heavierrocketry
[LOG 01:37:45.218] Load(Texture): Squad/PartList/SimpleIcons/R&D_node_icon_heavyaerodynamics
[LOG 01:37:45.226] Load(Texture): Squad/PartList/SimpleIcons/R&D_node_icon_heavyrocketry
[LOG 01:37:45.233] Load(Texture): Squad/PartList/SimpleIcons/R&D_node_icon_highaltitudeflight
[LOG 01:37:45.239] Load(Texture): Squad/PartList/SimpleIcons/R&D_node_icon_highaltitudepropulsion
[LOG 01:37:45.245] Load(Texture): Squad/PartList/SimpleIcons/R&D_node_icon_hypersonicflight
[LOG 01:37:45.252] Load(Texture): Squad/PartList/SimpleIcons/R&D_node_icon_ionpropulsion
[LOG 01:37:45.258] Load(Texture): Squad/PartList/SimpleIcons/R&D_node_icon_landing
[LOG 01:37:45.264] Load(Texture): Squad/PartList/SimpleIcons/R&D_node_icon_largecontrol
[LOG 01:37:45.271] Load(Texture): Squad/PartList/SimpleIcons/R&D_node_icon_largeelectrics
[LOG 01:37:45.277] Load(Texture): Squad/PartList/SimpleIcons/R&D_node_icon_largeprobes
[LOG 01:37:45.283] Load(Texture): Squad/PartList/SimpleIcons/R&D_node_icon_metamaterials
[LOG 01:37:45.290] Load(Texture): Squad/PartList/SimpleIcons/R&D_node_icon_nanolathing
[LOG 01:37:45.296] Load(Texture): Squad/PartList/SimpleIcons/R&D_node_icon_nuclearpropulsion
[LOG 01:37:45.302] Load(Texture): Squad/PartList/SimpleIcons/R&D_node_icon_precisionengineering
[LOG 01:37:45.309] Load(Texture): Squad/PartList/SimpleIcons/R&D_node_icon_robotics
[LOG 01:37:45.316] Load(Texture): Squad/PartList/SimpleIcons/R&D_node_icon_sciencetech
[LOG 01:37:45.322] Load(Texture): Squad/PartList/SimpleIcons/R&D_node_icon_specializedconstruction
[LOG 01:37:45.329] Load(Texture): Squad/PartList/SimpleIcons/R&D_node_icon_specializedcontrol
[LOG 01:37:45.335] Load(Texture): Squad/PartList/SimpleIcons/R&D_node_icon_specializedelectrics
[LOG 01:37:45.342] Load(Texture): Squad/PartList/SimpleIcons/R&D_node_icon_stability
[LOG 01:37:45.349] Load(Texture): Squad/PartList/SimpleIcons/R&D_node_icon_start
[LOG 01:37:45.355] Load(Texture): Squad/PartList/SimpleIcons/R&D_node_icon_supersonicflight
[LOG 01:37:45.361] Load(Texture): Squad/PartList/SimpleIcons/R&D_node_icon_survivability
[LOG 01:37:45.369] Load(Texture): Squad/PartList/SimpleIcons/R&D_node_icon_unmannedtech
[LOG 01:37:45.376] Load(Texture): Squad/PartList/SimpleIcons/R&D_node_icon_veryheavyrocketry
[LOG 01:37:45.382] Load(Texture): Squad/PartList/SimpleIcons/RDicon_aerospaceTech2
[LOG 01:37:45.389] Load(Texture): Squad/PartList/SimpleIcons/RDicon_commandmodules
[LOG 01:37:45.395] Load(Texture): Squad/PartList/SimpleIcons/RDicon_fuelSystems-advanced
[LOG 01:37:45.402] Load(Texture): Squad/PartList/SimpleIcons/RDicon_fuelSystems-highPerformance
[LOG 01:37:45.409] Load(Texture): Squad/PartList/SimpleIcons/RDicon_largeVolumeContainment
[LOG 01:37:45.416] Load(Texture): Squad/PartList/SimpleIcons/RDicon_miniaturization
[LOG 01:37:45.422] Load(Texture): Squad/PartList/SimpleIcons/RDicon_propulsion-precision
[LOG 01:37:45.429] Load(Texture): Squad/PartList/SimpleIcons/RDicon_propulsionSystems
[LOG 01:37:45.435] Load(Texture): Squad/PartList/SimpleIcons/RDicon_telescope
[LOG 01:37:45.442] Load(Texture): Squad/Parts/1x6SolarPanels/model000
[LOG 01:37:45.448] Load(Texture): Squad/Parts/1x6SolarPanels/model001
[LOG 01:37:45.454] Load(Texture): Squad/Parts/1x6SolarPanels/model002
[LOG 01:37:45.460] Load(Texture): Squad/Parts/fuelLine/model000
[LOG 01:37:45.467] Load(Texture): Squad/Parts/fuelTankT100/tank4
[LOG 01:37:45.473] Load(Texture): Squad/Parts/liquidEngine24-77/model000
[LOG 01:37:45.480] Load(Texture): Squad/Parts/liquidEngineLV-1/model000
[LOG 01:37:45.486] Load(Texture): Squad/Parts/liquidEngineLV-1/model001
[LOG 01:37:45.492] Load(Texture): Squad/Parts/liquidEngineMainsail/model000
[LOG 01:37:45.499] Load(Texture): Squad/Parts/liquidEngineMainsail/model001
[LOG 01:37:45.505] Load(Texture): Squad/Parts/liquidEngineMainsail/model002
[LOG 01:37:45.511] Load(Texture): Squad/Parts/liquidEngineMainsail/model003
[LOG 01:37:45.517] Load(Texture): Squad/Parts/liquidEngineMainsail/model004
[LOG 01:37:45.524] Load(Texture): Squad/Parts/liquidEngineMk55/model000
[LOG 01:37:45.530] Load(Texture): Squad/Parts/liquidEnginePoodle/model000
[LOG 01:37:45.536] Load(Texture): Squad/Parts/liquidEnginePoodle/model001
[LOG 01:37:45.543] Load(Texture): Squad/Parts/liquidEnginePoodle/model002
[LOG 01:37:45.550] Load(Texture): Squad/Parts/liquidEnginePoodle/model003
[LOG 01:37:45.556] Load(Texture): Squad/Parts/liquidEngineSkipper/ksp_l_midrangeEngine_diff
[LOG 01:37:45.563] Load(Texture): Squad/Parts/liquidEngineSkipper/ksp_l_midrangeEngine_emissive
[LOG 01:37:45.569] Load(Texture): Squad/Parts/liquidEngineSkipper/ksp_l_midrangeEngine_fairing_diff
[LOG 01:37:45.576] Load(Texture): Squad/Parts/liquidEngineSkipper/ksp_l_midrangeEngine_fairing_norm
[LOG 01:37:45.585] Load(Texture): Squad/Parts/liquidEngineSkipper/ksp_l_midrangeEngine_normal
[LOG 01:37:45.597] Load(Texture): Squad/Parts/mk1Parts/mk1Fuselage
[LOG 01:37:45.604] Load(Texture): Squad/Parts/mk1Parts/mk1FuselageFuel
[LOG 01:37:45.612] Load(Texture): Squad/Parts/mk1pod/hatch
[LOG 01:37:45.618] Load(Texture): Squad/Parts/mk1pod/ladderrung
[LOG 01:37:45.624] Load(Texture): Squad/Parts/mk1pod/outer shell NRM
[LOG 01:37:45.631] Load(Texture): Squad/Parts/mk1pod/outer shell
[LOG 01:37:45.637] Load(Texture): Squad/Parts/mk1pod/window
[LOG 01:37:45.643] Load(Texture): Squad/Parts/RCSFuelTankR1/model000
[LOG 01:37:45.649] Load(Texture): Squad/Parts/RCSFuelTankR1/model001
[LOG 01:37:45.656] Load(Texture): Squad/Parts/Size2LFB/Size2LFBEmissive
[LOG 01:37:45.662] Load(Texture): Squad/Parts/Size2LFB/twin_nozzle_booster_cm
[LOG 01:37:45.669] Load(Texture): Squad/Parts/Size2LFB/twin_nozzle_booster_nm
[LOG 01:37:45.677] Load(Texture): Squad/Parts/strutConnector/model000
[LOG 01:37:45.683] Load(Texture): Squad/Parts/strutCubicOcto/model000
[LOG 01:37:45.690] Load(Texture): Squad/Parts/strutOcto/model000
[LOG 01:37:45.696] Load(Texture): Squad/Parts/z-400Battery/model000
[LOG 01:37:45.702] Load(Texture): Squad/Props/AltimeterThreeHands/model000
[LOG 01:37:45.709] Load(Texture): Squad/Props/AltimeterThreeHands/model001
[LOG 01:37:45.714] Load(Texture): Squad/Props/AtmosphereDepth/model000
[LOG 01:37:45.715] Load(Texture): Squad/Props/AtmosphereDepth/model001
[LOG 01:37:45.716] Load(Texture): Squad/Props/AxisIndicator/model000
[LOG 01:37:45.717] Load(Texture): Squad/Props/ButtonSquare/model000
[LOG 01:37:45.718] Load(Texture): Squad/Props/circularButton/model000
[LOG 01:37:45.719] Load(Texture): Squad/Props/Compass/model000
[LOG 01:37:45.720] Load(Texture): Squad/Props/directionalKnob/model000
[LOG 01:37:45.720] Load(Texture): Squad/Props/directionalKnob2/model000
[LOG 01:37:45.721] Load(Texture): Squad/Props/IndicatorPanel/model000
[LOG 01:37:45.722] Load(Texture): Squad/Props/IndicatorPanel/model001
[LOG 01:37:45.723] Load(Texture): Squad/Props/IVANavBall/Arrows8dir
[LOG 01:37:45.724] Load(Texture): Squad/Props/IVANavBall/IVANavBall
[LOG 01:37:45.725] Load(Texture): Squad/Props/IVANavBall/ManeuverNode_vectors
[LOG 01:37:45.726] Load(Texture): Squad/Props/IVANavBall/navball2
[LOG 01:37:45.727] Load(Texture): Squad/Props/IVANavBall/navBall_DV_IVA
[LOG 01:37:45.728] Load(Texture): Squad/Props/IVANavBall/navBall_vectors_IVA
[LOG 01:37:45.729] Load(Texture): Squad/Props/ledPanelSpeed/model000
[LOG 01:37:45.729] Load(Texture): Squad/Props/ledPanelSpeed/model001
[LOG 01:37:45.730] Load(Texture): Squad/Props/NavBall/model000
[LOG 01:37:45.731] Load(Texture): Squad/Props/NavBall/model001
[LOG 01:37:45.732] Load(Texture): Squad/Props/NavBall/model002
[LOG 01:37:45.733] Load(Texture): Squad/Props/NavBall/model003
[LOG 01:37:45.734] Load(Texture): Squad/Props/pullSwitch/model000
[LOG 01:37:45.735] Load(Texture): Squad/Props/pullSwitch/model001
[LOG 01:37:45.736] Load(Texture): Squad/Props/radarAltitude/model000
[LOG 01:37:45.737] Load(Texture): Squad/Props/squareButton/model000
[LOG 01:37:45.738] Load(Texture): Squad/Props/standingSwitch/model000
[LOG 01:37:45.738] Load(Texture): Squad/Props/standingSwitch/model001
[LOG 01:37:45.739] Load(Texture): Squad/Props/switch/model000
[LOG 01:37:45.740] Load(Texture): Squad/Props/switchGuard/model000
[LOG 01:37:45.741] Load(Texture): Squad/Props/switchWithGuards/model000
[LOG 01:37:45.742] Load(Texture): Squad/Props/switchWithGuards/model001
[LOG 01:37:45.743] Load(Texture): Squad/Props/switchWithGuards/model002
[LOG 01:37:45.744] Load(Texture): Squad/Props/throttle/model000
[LOG 01:37:45.745] Load(Texture): Squad/Props/throttle/model001
[LOG 01:37:45.747] Load(Texture): Squad/Props/VSI/model000
[LOG 01:37:45.748] Load(Texture): Squad/Spaces/crewCabinInternals/model000
[LOG 01:37:45.749] Load(Texture): Squad/Spaces/crewCabinInternals/model001
[LOG 01:37:45.755] Load(Texture): Squad/Spaces/crewCabinInternals/model002
[LOG 01:37:45.756] Load(Texture): Squad/Spaces/crewCabinInternals/model003
[LOG 01:37:45.763] Load(Texture): Squad/Spaces/crewCabinInternals/model004
[LOG 01:37:45.763] Load(Texture): Squad/Spaces/crewCabinInternals/model005
[LOG 01:37:45.765] Load(Texture): Squad/Spaces/cupolaInternal/ksp_l_cupola_internal_diff
[LOG 01:37:45.780] Load(Texture): Squad/Spaces/cupolaInternal/ksp_l_cupola_internal_normal
[LOG 01:37:45.796] Load(Texture): Squad/Spaces/cupolaInternal/ksp_l_cupola_internal_windows_alpha
[LOG 01:37:45.798] Load(Texture): Squad/Spaces/cupolaInternal/pilot Seat
[LOG 01:37:45.801] Load(Texture): Squad/Spaces/GenericSpace1/model000
[LOG 01:37:45.803] Load(Texture): Squad/Spaces/GenericSpace1/model001
[LOG 01:37:45.806] Load(Texture): Squad/Spaces/GenericSpace1/model002
[LOG 01:37:45.808] Load(Texture): Squad/Spaces/GenericSpace1/model003
[LOG 01:37:45.811] Load(Texture): Squad/Spaces/GenericSpace1/model004
[LOG 01:37:45.813] Load(Texture): Squad/Spaces/GenericSpace1/model005
[LOG 01:37:45.816] Load(Texture): Squad/Spaces/GenericSpace3/model000
[LOG 01:37:45.818] Load(Texture): Squad/Spaces/GenericSpace3/model001
[LOG 01:37:45.819] Load(Texture): Squad/Spaces/GenericSpace3/model002
[LOG 01:37:45.822] Load(Texture): Squad/Spaces/GenericSpace3/model003
[LOG 01:37:45.824] Load(Texture): Squad/Spaces/GenericSpace3/model004
[LOG 01:37:45.827] Load(Texture): Squad/Spaces/GenericSpace3/model005
[LOG 01:37:45.829] Load(Texture): Squad/Spaces/GenericSpace3/model006
[LOG 01:37:45.835] Load(Texture): Squad/Spaces/GenericSpace3/model007
[LOG 01:37:45.837] Load(Texture): Squad/Spaces/landerCabinInternals/model000
[LOG 01:37:45.839] Load(Texture): Squad/Spaces/landerCabinInternals/model001
[LOG 01:37:45.841] Load(Texture): Squad/Spaces/landerCabinInternals/model002
[LOG 01:37:45.843] Load(Texture): Squad/Spaces/landerCabinInternals/model003
[LOG 01:37:45.849] Load(Texture): Squad/Spaces/landerCabinInternals/model004
[LOG 01:37:45.851] Load(Texture): Squad/Spaces/landerCabinInternals/model005
[LOG 01:37:45.852] Load(Texture): Squad/Spaces/landerCabinInternals/model006
[LOG 01:37:45.854] Load(Texture): Squad/Spaces/landerCabinInternals/model007
[LOG 01:37:45.855] Load(Texture): Squad/Spaces/landerCabinSmallInternal/ksp_s_landerCan_internal_diff
[LOG 01:37:45.869] Load(Texture): Squad/Spaces/landerCabinSmallInternal/ksp_s_landerCan_internal_normal
[LOG 01:37:45.883] Load(Texture): Squad/Spaces/landerCabinSmallInternal/ksp_s_landerCan_internal_window_alpha
[LOG 01:37:45.886] Load(Texture): Squad/Spaces/landerCabinSmallInternal/pilot Seat
[LOG 01:37:45.888] Load(Texture): Squad/Spaces/LargeCrewedLabInternals/Glass
[LOG 01:37:45.912] Load(Texture): Squad/Spaces/LargeCrewedLabInternals/MPL_Int
[LOG 01:37:46.338] Load(Texture): Squad/Spaces/LargeCrewedLabInternals/MPL_Int_n_NRM
[LOG 01:37:46.385] Load(Texture): Squad/Spaces/mk1CockpitInternal/model000
[LOG 01:37:46.388] Load(Texture): Squad/Spaces/mk1CockpitInternal/model001
[LOG 01:37:46.391] Load(Texture): Squad/Spaces/mk1CockpitInternal/model002
[LOG 01:37:46.393] Load(Texture): Squad/Spaces/mk1CockpitInternal/model003
[LOG 01:37:46.396] Load(Texture): Squad/Spaces/mk1CockpitInternal/model004
[LOG 01:37:46.403] Load(Texture): Squad/Spaces/mk1CockpitInternal/model005
[LOG 01:37:46.406] Load(Texture): Squad/Spaces/mk1CockpitInternal/model006
[LOG 01:37:46.408] Load(Texture): Squad/Spaces/mk1CockpitInternal/model007
[LOG 01:37:46.411] Load(Texture): Squad/Spaces/mk1CockpitInternal/model008
[LOG 01:37:46.413] Load(Texture): Squad/Spaces/mk1CockpitInternal/model009
[LOG 01:37:46.416] Load(Texture): Squad/Spaces/mk1PodCockpit/model000
[LOG 01:37:46.418] Load(Texture): Squad/Spaces/mk1PodCockpit/model001
[LOG 01:37:46.421] Load(Texture): Squad/Spaces/mk1PodCockpit/model002
[LOG 01:37:46.423] Load(Texture): Squad/Spaces/mk1PodCockpit/model003
[LOG 01:37:46.426] Load(Texture): Squad/Spaces/mk1PodCockpit/model004
[LOG 01:37:46.431] Load(Texture): Squad/Spaces/mk1PodCockpit/model005
[LOG 01:37:46.432] Load(Texture): Squad/Spaces/mk1PodCockpit/model006
[LOG 01:37:46.434] Load(Texture): Squad/Spaces/mk1PodCockpit/model007
[LOG 01:37:46.435] Load(Texture): Squad/Spaces/MK1_Inline_Int/clutter
[LOG 01:37:46.459] Load(Texture): Squad/Spaces/MK1_Inline_Int/Consoles
[LOG 01:37:46.541] Load(Texture): Squad/Spaces/MK1_Inline_Int/footwell
[LOG 01:37:46.556] Load(Texture): Squad/Spaces/MK1_Inline_Int/MK1_Inline_Int
[LOG 01:37:46.625] Load(Texture): Squad/Spaces/MK1_Inline_Int/Pilotseat
[LOG 01:37:46.653] Load(Texture): Squad/Spaces/mk2CockpitStandardInternal/CargoBagA
[LOG 01:37:46.654] Load(Texture): Squad/Spaces/mk2CockpitStandardInternal/Mk2StandardIVA
[LOG 01:37:46.655] Load(Texture): Squad/Spaces/mk2CockpitStandardInternal/Pilotseat
[LOG 01:37:46.656] Load(Texture): Squad/Spaces/mk2CockpitStandardInternal/Windows
[LOG 01:37:46.657] Load(Texture): Squad/Spaces/Mk2CrewCabinInternal/CargoBagA
[LOG 01:37:46.658] Load(Texture): Squad/Spaces/Mk2CrewCabinInternal/Glass
[LOG 01:37:46.659] Load(Texture): Squad/Spaces/Mk2CrewCabinInternal/Mk2StandardIVA
[LOG 01:37:46.660] Load(Texture): Squad/Spaces/Mk2CrewCabinInternal/Pilotseat
[LOG 01:37:46.661] Load(Texture): Squad/Spaces/MK3CockpitInternal/CargoBagA
[LOG 01:37:46.662] Load(Texture): Squad/Spaces/MK3CockpitInternal/Glass
[LOG 01:37:46.663] Load(Texture): Squad/Spaces/MK3CockpitInternal/Mk2StandardIVA
[LOG 01:37:46.664] Load(Texture): Squad/Spaces/MK3CockpitInternal/Pilotseat
[LOG 01:37:46.665] Load(Texture): Squad/Spaces/MK3_CrewCab_Int/Glass
[LOG 01:37:46.666] Load(Texture): Squad/Spaces/MK3_CrewCab_Int/GlassMK3CC
[LOG 01:37:46.667] Load(Texture): Squad/Spaces/MK3_CrewCab_Int/Mk2StandardIVA
[LOG 01:37:46.668] Load(Texture): Squad/Spaces/MK3_CrewCab_Int/MK3_CrewCab_Int
[LOG 01:37:46.670] Load(Texture): Squad/Spaces/MK3_CrewCab_Int/MK3_CrewCab_Int_n
[LOG 01:37:46.671] Load(Texture): Squad/Spaces/MK3_CrewCab_Int/Pilotseat
[LOG 01:37:46.672] Load(Texture): Squad/Spaces/Placeholder/PlaceholderIVA
[LOG 01:37:46.673] Load(Texture): Squad/Spaces/PodCockpit/model000
[LOG 01:37:46.675] Load(Texture): Squad/Spaces/PodCockpit/model001
[LOG 01:37:46.677] Load(Texture): Squad/Spaces/PodCockpit/model002
[LOG 01:37:46.679] Load(Texture): Squad/Spaces/PodCockpit/model003
[LOG 01:37:46.681] Load(Texture): Squad/Spaces/PodCockpit/model004
[LOG 01:37:46.683] Load(Texture): Squad/Spaces/PodCockpit/model005
[LOG 01:37:46.690] Load(Texture): Squad/Spaces/PodCockpit/model006
[LOG 01:37:46.691] Load(Texture): Squad/Spaces/PodCockpit/model007
[LOG 01:37:46.693] Load(Texture): Squad/Strategies/Icons/AggressiveNegotiations
[LOG 01:37:46.695] Load(Texture): Squad/Strategies/Icons/AppreciationCampaign
[LOG 01:37:46.697] Load(Texture): Squad/Strategies/Icons/BailOutGrant
[LOG 01:37:46.699] Load(Texture): Squad/Strategies/Icons/FundraisingCampaign
[LOG 01:37:46.700] Load(Texture): Squad/Strategies/Icons/OpenSourceTechProgram
[LOG 01:37:46.702] Load(Texture): Squad/Strategies/Icons/OutsourcedResearch
[LOG 01:37:46.704] Load(Texture): Squad/Strategies/Icons/PatentsLicensing
[LOG 01:37:46.706] Load(Texture): Squad/Strategies/Icons/RecoveryTransponderFitting
[LOG 01:37:46.708] Load(Texture): Squad/Strategies/Icons/ResearchRightsSellOut
[LOG 01:37:46.710] Load(Texture): Squad/Strategies/Icons/UnpaidResearchProgram
[LOG 01:37:46.712] Load(Model): Squad/FX/exhaustFlames_blue
[LOG 01:37:46.721] Load(Model): Squad/FX/ks1_Exhaust
[LOG 01:37:46.722] Load(Model): Squad/FX/ks25_Exhaust
[LOG 01:37:46.723] Load(Model): Squad/FX/ksX_Exhaust
[LOG 01:37:46.724] Load(Model): Squad/FX/LES_Thruster
[LOG 01:37:46.724] Load(Model): Squad/FX/shockExhaust_blue
[LOG 01:37:46.725] Load(Model): Squad/FX/shockExhaust_blue_small
[LOG 01:37:46.726] Load(Model): Squad/FX/shockExhaust_red_small
[LOG 01:37:46.727] Load(Model): Squad/FX/SRB_Large
[LOG 01:37:46.728] Load(Model): Squad/FX/SRB_LargeSparks
[LOG 01:37:46.729] Load(Model): Squad/Parts/1x6SolarPanels/model
[LOG 01:37:46.734] Load(Model): Squad/Parts/fuelLine/model
[LOG 01:37:46.736] Load(Model): Squad/Parts/fuelTankT100/model
[LOG 01:37:46.738] Load(Model): Squad/Parts/liquidEngine24-77/model
[LOG 01:37:46.739] Load(Model): Squad/Parts/liquidEngineLV-1/model
[LOG 01:37:46.740] Load(Model): Squad/Parts/liquidEngineMainsail/model
[LOG 01:37:46.745] Load(Model): Squad/Parts/liquidEngineMk55/model
[LOG 01:37:46.746] Load(Model): Squad/Parts/liquidEnginePoodle/model
[LOG 01:37:46.750] Load(Model): Squad/Parts/liquidEngineSkipper/model
[LOG 01:37:46.755] Load(Model): Squad/Parts/mk1Parts/mk1Fuselage
[LOG 01:37:46.758] Load(Model): Squad/Parts/mk1Parts/mk1FuselageIntake
[LOG 01:37:46.761] Load(Model): Squad/Parts/mk1Parts/mk1Structural
[LOG 01:37:46.764] Load(Model): Squad/Parts/mk1pod/model
[LOG 01:37:46.767] Load(Model): Squad/Parts/RCSFuelTankR1/model
[LOG 01:37:46.769] Load(Model): Squad/Parts/Size2LFB/Size2LFB
[LOG 01:37:46.775] Load(Model): Squad/Parts/strutConnector/model
[LOG 01:37:46.776] Load(Model): Squad/Parts/strutCubicOcto/model
[LOG 01:37:46.777] Load(Model): Squad/Parts/strutOcto/model
[LOG 01:37:46.778] Load(Model): Squad/Parts/z-400Battery/model
[LOG 01:37:46.779] Load(Model): Squad/Props/AltimeterThreeHands/model
[LOG 01:37:46.781] Load(Model): Squad/Props/AtmosphereDepth/model
[LOG 01:37:46.782] Load(Model): Squad/Props/AxisIndicator/model
[LOG 01:37:46.782] Load(Model): Squad/Props/ButtonSquare/model
[LOG 01:37:46.783] Load(Model): Squad/Props/circularButton/model
[LOG 01:37:46.784] Load(Model): Squad/Props/Compass/model
[LOG 01:37:46.785] Load(Model): Squad/Props/directionalKnob/model
[LOG 01:37:46.786] Load(Model): Squad/Props/directionalKnob2/model
[LOG 01:37:46.787] Load(Model): Squad/Props/IndicatorPanel/model
[LOG 01:37:46.789] Load(Model): Squad/Props/IVANavBall/model
[LOG 01:37:46.792] Load(Model): Squad/Props/ledPanelSpeed/model
[LOG 01:37:46.793] Load(Model): Squad/Props/NavBall/model
[LOG 01:37:46.795] Load(Model): Squad/Props/pullSwitch/model
[LOG 01:37:46.796] Load(Model): Squad/Props/radarAltitude/model
[LOG 01:37:46.797] Load(Model): Squad/Props/squareButton/model
[LOG 01:37:46.798] Load(Model): Squad/Props/standingSwitch/model
[LOG 01:37:46.799] Load(Model): Squad/Props/switch/model
[LOG 01:37:46.800] Load(Model): Squad/Props/switchGuard/model
[LOG 01:37:46.801] Load(Model): Squad/Props/switchWithGuards/model
[LOG 01:37:46.802] Load(Model): Squad/Props/throttle/model
[LOG 01:37:46.804] Load(Model): Squad/Props/VSI/model
[LOG 01:37:46.805] Load(Model): Squad/Spaces/crewCabinInternals/model
[LOG 01:37:46.819] Load(Model): Squad/Spaces/cupolaInternal/model
[LOG 01:37:46.827] Load(Model): Squad/Spaces/GenericSpace1/model
[LOG 01:37:46.839] Load(Model): Squad/Spaces/GenericSpace3/model
[LOG 01:37:46.855] Load(Model): Squad/Spaces/landerCabinInternals/model
[LOG 01:37:46.865] Load(Model): Squad/Spaces/landerCabinSmallInternal/model
[LOG 01:37:46.871] Load(Model): Squad/Spaces/LargeCrewedLabInternals/Large_Crewed_lab_Int
[LOG 01:37:46.889] Load(Model): Squad/Spaces/mk1CockpitInternal/model
[LOG 01:37:46.895] Load(Model): Squad/Spaces/mk1PodCockpit/model
[LOG 01:37:46.904] Load(Model): Squad/Spaces/MK1_Inline_Int/MK1_Inline_Int
[LOG 01:37:46.918] Load(Model): Squad/Spaces/mk2CockpitStandardInternal/model
[LOG 01:37:46.928] Load(Model): Squad/Spaces/Mk2CrewCabinInternal/MK2_CrewCab_Int
[LOG 01:37:46.943] Load(Model): Squad/Spaces/MK3CockpitInternal/MK3_Cockpit_Int
[LOG 01:37:46.972] Load(Model): Squad/Spaces/MK3_CrewCab_Int/MK3_CrewCab_Int
[LOG 01:37:47.014] Load(Model): Squad/Spaces/Placeholder/PlaceholderIVA
[LOG 01:37:47.016] Load(Model): Squad/Spaces/PodCockpit/model
[LOG 01:37:47.038] Config(Select) Kerbaltek/HyperEdit/windowpos/Select
[LOG 01:37:47.038] Config(Orbit_Editor) Kerbaltek/HyperEdit/windowpos/Orbit_Editor
[LOG 01:37:47.038] Config(HyperEdit) Kerbaltek/HyperEdit/windowpos/HyperEdit
[LOG 01:37:47.038] Config(AGENT) Squad/Agencies/Agents/C7 Aerospace Division
[LOG 01:37:47.038] Config(AGENT) Squad/Agencies/Agents/Dinkelstein Kerman's Construction Emporium
[LOG 01:37:47.038] Config(AGENT) Squad/Agencies/Agents/Experimental Engineering Group
[LOG 01:37:47.038] Config(AGENT) Squad/Agencies/Agents/FLOOYD Dynamics Research Labs
[LOG 01:37:47.038] Config(AGENT) Squad/Agencies/Agents/Goliath National Products
[LOG 01:37:47.038] Config(AGENT) Squad/Agencies/Agents/Integrated Integrals
[LOG 01:37:47.038] Config(AGENT) Squad/Agencies/Agents/Ionic Symphonic Protonic Electronics
[LOG 01:37:47.038] Config(AGENT) Squad/Agencies/Agents/Jebediah Kerman's Junkyard and Spacecraft Parts Co
[LOG 01:37:47.038] Config(AGENT) Squad/Agencies/Agents/Kerbal Motion LLC
[LOG 01:37:47.038] Config(AGENT) Squad/Agencies/Agents/Kerbin World-Firsts Record-Keeping Society
[LOG 01:37:47.038] Config(AGENT) Squad/Agencies/Agents/Kerbodyne
[LOG 01:37:47.038] Config(AGENT) Squad/Agencies/Agents/Kerlington Model Rockets and Paper Products Inc
[LOG 01:37:47.038] Config(AGENT) Squad/Agencies/Agents/Maxo Construction Toys
[LOG 01:37:47.038] Config(AGENT) Squad/Agencies/Agents/Moving Parts Experts Group
[LOG 01:37:47.038] Config(AGENT) Squad/Agencies/Agents/O.M.B. Demolition Enterprises
[LOG 01:37:47.038] Config(AGENT) Squad/Agencies/Agents/Periapsis Rocket Supplies Co
[LOG 01:37:47.038] Config(AGENT) Squad/Agencies/Agents/Probodobodyne Inc
[LOG 01:37:47.038] Config(AGENT) Squad/Agencies/Agents/Research & Development Department
[LOG 01:37:47.038] Config(AGENT) Squad/Agencies/Agents/Reaction Systems Ltd
[LOG 01:37:47.038] Config(AGENT) Squad/Agencies/Agents/Rockomax Conglomerate
[LOG 01:37:47.038] Config(AGENT) Squad/Agencies/Agents/Rokea Inc
[LOG 01:37:47.038] Config(AGENT) Squad/Agencies/Agents/Sean's Cannery
[LOG 01:37:47.038] Config(AGENT) Squad/Agencies/Agents/STEADLER Engineering Corps
[LOG 01:37:47.038] Config(AGENT) Squad/Agencies/Agents/StrutCo
[LOG 01:37:47.038] Config(AGENT) Squad/Agencies/Agents/Vac-Co Advanced Suction Systems
[LOG 01:37:47.038] Config(AGENT) Squad/Agencies/Agents/WinterOwl Aircraft Emporium
[LOG 01:37:47.038] Config(AGENT) Squad/Agencies/Agents/Zaltonic Electronics
[LOG 01:37:47.038] Config(Contracts) Squad/Contracts/Contracts/Contracts
[LOG 01:37:47.039] Config(EXPERIENCE_TRAIT) Squad/Experience/Traits/Pilot
[LOG 01:37:47.039] Config(EXPERIENCE_TRAIT) Squad/Experience/Traits/Engineer
[LOG 01:37:47.039] Config(EXPERIENCE_TRAIT) Squad/Experience/Traits/Scientist
[LOG 01:37:47.039] Config(EXPERIENCE_TRAIT) Squad/Experience/Traits/Tourist
[LOG 01:37:47.039] Config(PART) Squad/Parts/1x6SolarPanels/1x6SolarPanels/solarPanels4
[LOG 01:37:47.039] Config(PART) Squad/Parts/fuelLine/fuelLine/fuelLine
[LOG 01:37:47.039] Config(PART) Squad/Parts/fuelTankT100/fuelTankT100/fuelTankSmallFlat
[LOG 01:37:47.039] Config(PART) Squad/Parts/liquidEngine24-77/liquidEngine24-77/smallRadialEngine
[LOG 01:37:47.039] Config(PART) Squad/Parts/liquidEngineLV-1/liquidEngineLV-1/microEngine
[LOG 01:37:47.039] Config(PART) Squad/Parts/liquidEngineMainsail/liquidEngineMainsail/liquidEngine1-2
[LOG 01:37:47.039] Config(PART) Squad/Parts/liquidEngineMk55/liquidEngineMk55/radialLiquidEngine1-2
[LOG 01:37:47.039] Config(PART) Squad/Parts/liquidEnginePoodle/liquidEnginePoodle/liquidEngine2-2
[LOG 01:37:47.039] Config(PART) Squad/Parts/liquidEngineSkipper/skipperLiquidEngine/engineLargeSkipper
[LOG 01:37:47.039] Config(PART) Squad/Parts/mk1Parts/mk1Fuselage/MK1Fuselage
[LOG 01:37:47.039] Config(PART) Squad/Parts/mk1Parts/mk1FuselageIntake/MK1IntakeFuselage
[LOG 01:37:47.039] Config(PART) Squad/Parts/mk1Parts/mk1Structural/Mk1FuselageStructural
[LOG 01:37:47.039] Config(PART) Squad/Parts/mk1pod/mk1Pod/mk1pod
[LOG 01:37:47.039] Config(PART) Squad/Parts/RCSFuelTankR1/RCSFuelTankR1/RCSTank1-2
[LOG 01:37:47.039] Config(PART) Squad/Parts/Size2LFB/part/Size2LFB
[LOG 01:37:47.039] Config(PART) Squad/Parts/strutConnector/strutConnector/strutConnector
[LOG 01:37:47.039] Config(PART) Squad/Parts/strutCubicOcto/strutCubicOcto/strutCube
[LOG 01:37:47.039] Config(PART) Squad/Parts/strutOcto/strutOcto/strutOcto
[LOG 01:37:47.039] Config(PART) Squad/Parts/z-400Battery/z-400Battery/ksp_r_largeBatteryPack
[LOG 01:37:47.039] Config(PROP) Squad/Props/AltimeterThreeHands/prop/AltimeterThreeHands
[LOG 01:37:47.039] Config(PROP) Squad/Props/AtmosphereDepth/prop/AtmosphereDepth
[LOG 01:37:47.039] Config(PROP) Squad/Props/AxisIndicator/pitchConfig/AxisIndicatorPitch
[LOG 01:37:47.039] Config(PROP) Squad/Props/AxisIndicator/rollConfig/AxisIndicatorRoll
[LOG 01:37:47.039] Config(PROP) Squad/Props/AxisIndicator/yawConfig/AxisIndicatorYaw
[LOG 01:37:47.039] Config(PROP) Squad/Props/ButtonSquare/prop/ButtonSquare
[LOG 01:37:47.039] Config(PROP) Squad/Props/circularButton/prop/circularButton
[LOG 01:37:47.039] Config(PROP) Squad/Props/Compass/prop/Compass
[LOG 01:37:47.039] Config(PROP) Squad/Props/directionalKnob/prop/directionalKnob
[LOG 01:37:47.039] Config(PROP) Squad/Props/directionalKnob2/prop/directionalKnob2
[LOG 01:37:47.039] Config(PROP) Squad/Props/IndicatorPanel/prop/IndicatorPanel
[LOG 01:37:47.039] Config(PROP) Squad/Props/IVANavBall/prop/NavBall
[LOG 01:37:47.039] Config(PROP) Squad/Props/ledPanelSpeed/prop/ledPanelSpeed
[LOG 01:37:47.039] Config(PROP) Squad/Props/NavBall/prop/NavBall
[LOG 01:37:47.039] Config(PROP) Squad/Props/pullSwitch/prop/pullSwitch
[LOG 01:37:47.039] Config(PROP) Squad/Props/radarAltitude/prop/RadarAltimeter
[LOG 01:37:47.039] Config(PROP) Squad/Props/squareButton/prop/squareButton
[LOG 01:37:47.039] Config(PROP) Squad/Props/standingSwitch/prop/standingSwitch
[LOG 01:37:47.039] Config(PROP) Squad/Props/switch/prop/switch
[LOG 01:37:47.039] Config(PROP) Squad/Props/switchGuard/prop/switchGuard
[LOG 01:37:47.039] Config(PROP) Squad/Props/switchWithGuards/prop/switchWithGuards
[LOG 01:37:47.039] Config(PROP) Squad/Props/throttle/prop/throttle
[LOG 01:37:47.039] Config(PROP) Squad/Props/VSI/prop/VSI
[LOG 01:37:47.039] Config(GLOBAL_RESOURCE) Squad/Resources/Ore/GLOBAL_RESOURCE
[LOG 01:37:47.039] Config(PLANETARY_RESOURCE) Squad/Resources/Ore/PLANETARY_RESOURCE
[LOG 01:37:47.039] Config(PLANETARY_RESOURCE) Squad/Resources/Ore/PLANETARY_RESOURCE
[LOG 01:37:47.039] Config(BIOME_RESOURCE) Squad/Resources/Ore/BIOME_RESOURCE
[LOG 01:37:47.039] Config(BIOME_RESOURCE) Squad/Resources/Ore/BIOME_RESOURCE
[LOG 01:37:47.039] Config(BIOME_RESOURCE) Squad/Resources/Ore/BIOME_RESOURCE
[LOG 01:37:47.039] Config(BIOME_RESOURCE) Squad/Resources/Ore/BIOME_RESOURCE
[LOG 01:37:47.039] Config(RESOURCE_OVERLAY_CONFIGURATION_SOLID) Squad/Resources/Overlay/RESOURCE_OVERLAY_CONFIGURATION_SOLID
[LOG 01:37:47.039] Config(RESOURCE_OVERLAY_CONFIGURATION_LINES) Squad/Resources/Overlay/RESOURCE_OVERLAY_CONFIGURATION_LINES
[LOG 01:37:47.039] Config(RESOURCE_OVERLAY_CONFIGURATION_DOTS) Squad/Resources/Overlay/RESOURCE_OVERLAY_CONFIGURATION_DOTS
[LOG 01:37:47.039] Config(RESOURCE_CONFIGURATION) Squad/Resources/ResourceDefaults/RESOURCE_CONFIGURATION
[LOG 01:37:47.039] Config(RESOURCE_DEFINITION) Squad/Resources/ResourcesGeneric/LiquidFuel
[LOG 01:37:47.039] Config(RESOURCE_DEFINITION) Squad/Resources/ResourcesGeneric/Oxidizer
[LOG 01:37:47.039] Config(RESOURCE_DEFINITION) Squad/Resources/ResourcesGeneric/SolidFuel
[LOG 01:37:47.039] Config(RESOURCE_DEFINITION) Squad/Resources/ResourcesGeneric/MonoPropellant
[LOG 01:37:47.039] Config(RESOURCE_DEFINITION) Squad/Resources/ResourcesGeneric/XenonGas
[LOG 01:37:47.039] Config(RESOURCE_DEFINITION) Squad/Resources/ResourcesGeneric/ElectricCharge
[LOG 01:37:47.039] Config(RESOURCE_DEFINITION) Squad/Resources/ResourcesGeneric/IntakeAir
[LOG 01:37:47.039] Config(RESOURCE_DEFINITION) Squad/Resources/ResourcesGeneric/EVA Propellant
[LOG 01:37:47.039] Config(RESOURCE_DEFINITION) Squad/Resources/ResourcesGeneric/Ore
[LOG 01:37:47.039] Config(RESOURCE_DEFINITION) Squad/Resources/ResourcesGeneric/Ablator
[LOG 01:37:47.039] Config(EXPERIMENT_DEFINITION) Squad/Resources/ScienceDefs/EXPERIMENT_DEFINITION
[LOG 01:37:47.039] Config(EXPERIMENT_DEFINITION) Squad/Resources/ScienceDefs/EXPERIMENT_DEFINITION
[LOG 01:37:47.039] Config(EXPERIMENT_DEFINITION) Squad/Resources/ScienceDefs/EXPERIMENT_DEFINITION
[LOG 01:37:47.039] Config(EXPERIMENT_DEFINITION) Squad/Resources/ScienceDefs/EXPERIMENT_DEFINITION
[LOG 01:37:47.039] Config(EXPERIMENT_DEFINITION) Squad/Resources/ScienceDefs/EXPERIMENT_DEFINITION
[LOG 01:37:47.039] Config(EXPERIMENT_DEFINITION) Squad/Resources/ScienceDefs/EXPERIMENT_DEFINITION
[LOG 01:37:47.039] Config(EXPERIMENT_DEFINITION) Squad/Resources/ScienceDefs/EXPERIMENT_DEFINITION
[LOG 01:37:47.039] Config(EXPERIMENT_DEFINITION) Squad/Resources/ScienceDefs/EXPERIMENT_DEFINITION
[LOG 01:37:47.039] Config(EXPERIMENT_DEFINITION) Squad/Resources/ScienceDefs/EXPERIMENT_DEFINITION
[LOG 01:37:47.039] Config(EXPERIMENT_DEFINITION) Squad/Resources/ScienceDefs/EXPERIMENT_DEFINITION
[LOG 01:37:47.039] Config(EXPERIMENT_DEFINITION) Squad/Resources/ScienceDefs/EXPERIMENT_DEFINITION
[LOG 01:37:47.039] Config(STORY_DEF) Squad/Resources/StoryDefs/STORY_DEF
[LOG 01:37:47.039] Config(TechTree) Squad/Resources/TechTree/TechTree
[LOG 01:37:47.040] Config(INTERNAL) Squad/Spaces/crewCabinInternals/internal/crewCabinInternals
[LOG 01:37:47.040] Config(INTERNAL) Squad/Spaces/cupolaInternal/internal/cupolaInternal
[LOG 01:37:47.040] Config(INTERNAL) Squad/Spaces/GenericSpace1/internal/GenericSpace1
[LOG 01:37:47.040] Config(INTERNAL) Squad/Spaces/GenericSpace3/internal/GenericSpace3
[LOG 01:37:47.040] Config(INTERNAL) Squad/Spaces/landerCabinInternals/internal/landerCabinInternals
[LOG 01:37:47.040] Config(INTERNAL) Squad/Spaces/landerCabinSmallInternal/internal/landerCabinSmallInternal
[LOG 01:37:47.040] Config(INTERNAL) Squad/Spaces/LargeCrewedLabInternals/internal/Mobile_Processing_Lab_Int
[LOG 01:37:47.040] Config(INTERNAL) Squad/Spaces/mk1CockpitInternal/internal/mk1CockpitInternal
[LOG 01:37:47.040] Config(INTERNAL) Squad/Spaces/mk1PodCockpit/internal/mk1PodCockpit
[LOG 01:37:47.040] Config(INTERNAL) Squad/Spaces/MK1_Inline_Int/MK1_Inline_Int/MK1_Inline_Int
[LOG 01:37:47.040] Config(INTERNAL) Squad/Spaces/mk2CockpitStandardInternal/internal/mk2CockpitStandardInternals
[LOG 01:37:47.040] Config(INTERNAL) Squad/Spaces/Mk2CrewCabinInternal/internal_MK2_CrewCab/MK2_CrewCab_Int
[LOG 01:37:47.040] Config(INTERNAL) Squad/Spaces/MK3CockpitInternal/internal_MK3/MK3_Cockpit_Int
[LOG 01:37:47.040] Config(INTERNAL) Squad/Spaces/MK3_CrewCab_Int/internal_MK3_CrewCab/MK3_CrewCab_Int
[LOG 01:37:47.040] Config(INTERNAL) Squad/Spaces/Placeholder/internal/Placeholder
[LOG 01:37:47.040] Config(INTERNAL) Squad/Spaces/PodCockpit/internal/PodCockpit
[LOG 01:37:47.040] Config(STRATEGY_DEPARTMENT) Squad/Strategies/Departments/Finances
[LOG 01:37:47.040] Config(STRATEGY_DEPARTMENT) Squad/Strategies/Departments/Science
[LOG 01:37:47.040] Config(STRATEGY_DEPARTMENT) Squad/Strategies/Departments/Public Relations
[LOG 01:37:47.040] Config(STRATEGY_DEPARTMENT) Squad/Strategies/Departments/Operations
[LOG 01:37:47.040] Config(STRATEGY) Squad/Strategies/Strategies/AppreciationCampaignCfg
[LOG 01:37:47.040] Config(STRATEGY) Squad/Strategies/Strategies/FundraisingCampaignCfg
[LOG 01:37:47.040] Config(STRATEGY) Squad/Strategies/Strategies/OpenSourceTechProgramCfg
[LOG 01:37:47.040] Config(STRATEGY) Squad/Strategies/Strategies/UnpaidResearchProgramCfg
[LOG 01:37:47.040] Config(STRATEGY) Squad/Strategies/Strategies/OutsourcedResearchCfg
[LOG 01:37:47.040] Config(STRATEGY) Squad/Strategies/Strategies/PatentsLicensingCfg
[LOG 01:37:47.040] Config(STRATEGY) Squad/Strategies/Strategies/AgressiveNegotiations
[LOG 01:37:47.040] Config(STRATEGY) Squad/Strategies/Strategies/RecoveryTransponders
[LOG 01:37:47.040] Config(STRATEGY) Squad/Strategies/Strategies/BailoutGrant
[LOG 01:37:47.040] Config(STRATEGY) Squad/Strategies/Strategies/researchIPsellout
[LOG 01:37:47.043] Resource RESOURCE_DEFINITION added to database
[LOG 01:37:47.043] Resource RESOURCE_DEFINITION added to database
[LOG 01:37:47.043] Resource RESOURCE_DEFINITION added to database
[LOG 01:37:47.043] Resource RESOURCE_DEFINITION added to database
[LOG 01:37:47.043] Resource RESOURCE_DEFINITION added to database
[LOG 01:37:47.043] Resource RESOURCE_DEFINITION added to database
[LOG 01:37:47.043] Resource RESOURCE_DEFINITION added to database
[LOG 01:37:47.043] Resource RESOURCE_DEFINITION added to database
[LOG 01:37:47.043] Resource RESOURCE_DEFINITION added to database
[LOG 01:37:47.043] Resource RESOURCE_DEFINITION added to database
[LOG 01:37:47.045] GameDatabase: Assets loaded in 4.571s
[LOG 01:37:47.046] PartLoader: Loading part database
[LOG 01:37:47.047] PartLoader: Compiling Part 'Squad/Parts/1x6SolarPanels/1x6SolarPanels/solarPanels4'
[LOG 01:37:47.061] EffectList: Created 11 effect types
[LOG 01:37:47.091] PartLoader: Compiling Part 'Squad/Parts/fuelLine/fuelLine/fuelLine'
[LOG 01:37:47.106] PartLoader: Compiling Part 'Squad/Parts/fuelTankT100/fuelTankT100/fuelTankSmallFlat'
[LOG 01:37:47.113] PartLoader: Compiling Part 'Squad/Parts/liquidEngine24-77/liquidEngine24-77/smallRadialEngine'
[LOG 01:37:47.136] PartLoader: Compiling Part 'Squad/Parts/liquidEngineLV-1/liquidEngineLV-1/microEngine'
[LOG 01:37:47.139] Added sound_rocket_mini to FXGroup running
[LOG 01:37:47.149] PartLoader: Compiling Part 'Squad/Parts/liquidEngineMainsail/liquidEngineMainsail/liquidEngine1-2'
[LOG 01:37:47.154] Added sound_rocket_hard to FXGroup running
[LOG 01:37:47.154] Added sound_explosion_low to FXGroup flameout
[LOG 01:37:47.173] PartLoader: Compiling Part 'Squad/Parts/liquidEngineMk55/liquidEngineMk55/radialLiquidEngine1-2'
[LOG 01:37:47.175] Added sound_rocket_hard to FXGroup running
[LOG 01:37:47.186] PartLoader: Compiling Part 'Squad/Parts/liquidEnginePoodle/liquidEnginePoodle/liquidEngine2-2'
[LOG 01:37:47.191] Added sound_rocket_hard to FXGroup running
[LOG 01:37:47.207] PartLoader: Compiling Part 'Squad/Parts/liquidEngineSkipper/skipperLiquidEngine/engineLargeSkipper'
[LOG 01:37:47.210] Added sound_rocket_hard to FXGroup running
[LOG 01:37:47.210] Added sound_explosion_low to FXGroup flameout
[LOG 01:37:47.224] PartLoader: Compiling Part 'Squad/Parts/mk1Parts/mk1Fuselage/MK1Fuselage'
[ERR 01:37:47.224] PartCompiler: Cannot clone model 'Squad/Parts/Structural/mk1Parts/mk1Fuselage' as model does not exist

[ERR 01:37:47.224] PartCompiler: Model was not compiled correctly

[ERR 01:37:47.224] PartCompiler: Cannot compile model

[ERR 01:37:47.224] PartCompiler: Cannot compile part

[LOG 01:37:47.224] PartLoader: Compiling Part 'Squad/Parts/mk1Parts/mk1FuselageIntake/MK1IntakeFuselage'
[ERR 01:37:47.224] PartCompiler: Cannot clone model 'Squad/Parts/Structural/mk1Parts/mk1FuselageIntake' as model does not exist

[ERR 01:37:47.224] PartCompiler: Model was not compiled correctly

[ERR 01:37:47.224] PartCompiler: Cannot compile model

[ERR 01:37:47.224] PartCompiler: Cannot compile part

[LOG 01:37:47.224] PartLoader: Compiling Part 'Squad/Parts/mk1Parts/mk1Structural/Mk1FuselageStructural'
[ERR 01:37:47.224] PartCompiler: Cannot clone model 'Squad/Parts/Structural/mk1Parts/mk1Structural' as model does not exist

[ERR 01:37:47.224] PartCompiler: Model was not compiled correctly

[ERR 01:37:47.224] PartCompiler: Cannot compile model

[ERR 01:37:47.225] PartCompiler: Cannot compile part

[LOG 01:37:47.225] PartLoader: Compiling Part 'Squad/Parts/mk1pod/mk1Pod/mk1pod'
[LOG 01:37:47.250] PartLoader: Compiling Part 'Squad/Parts/RCSFuelTankR1/RCSFuelTankR1/RCSTank1-2'
[LOG 01:37:47.257] PartLoader: Compiling Part 'Squad/Parts/Size2LFB/part/Size2LFB'
[LOG 01:37:47.294] PartLoader: Compiling Part 'Squad/Parts/strutConnector/strutConnector/strutConnector'
[LOG 01:37:47.304] PartLoader: Compiling Part 'Squad/Parts/strutCubicOcto/strutCubicOcto/strutCube'
[LOG 01:37:47.309] PartLoader: Compiling Part 'Squad/Parts/strutOcto/strutOcto/strutOcto'
[LOG 01:37:47.315] PartLoader: Compiling Part 'Squad/Parts/z-400Battery/z-400Battery/ksp_r_largeBatteryPack'
[LOG 01:37:47.321] PartLoader: Compiling Internal Space 'Squad/Props/AltimeterThreeHands/prop/AltimeterThreeHands'
[LOG 01:37:47.324] PartLoader: Compiling Internal Space 'Squad/Props/AtmosphereDepth/prop/AtmosphereDepth'
[LOG 01:37:47.325] PartLoader: Compiling Internal Space 'Squad/Props/AxisIndicator/pitchConfig/AxisIndicatorPitch'
[LOG 01:37:47.325] PartLoader: Compiling Internal Space 'Squad/Props/AxisIndicator/rollConfig/AxisIndicatorRoll'
[LOG 01:37:47.326] PartLoader: Compiling Internal Space 'Squad/Props/AxisIndicator/yawConfig/AxisIndicatorYaw'
[LOG 01:37:47.327] PartLoader: Compiling Internal Space 'Squad/Props/ButtonSquare/prop/ButtonSquare'
[LOG 01:37:47.329] PartLoader: Compiling Internal Space 'Squad/Props/circularButton/prop/circularButton'
[LOG 01:37:47.329] PartLoader: Compiling Internal Space 'Squad/Props/Compass/prop/Compass'
[LOG 01:37:47.330] PartLoader: Compiling Internal Space 'Squad/Props/directionalKnob/prop/directionalKnob'
[LOG 01:37:47.331] PartLoader: Compiling Internal Space 'Squad/Props/directionalKnob2/prop/directionalKnob2'
[LOG 01:37:47.331] PartLoader: Compiling Internal Space 'Squad/Props/IndicatorPanel/prop/IndicatorPanel'
[LOG 01:37:47.333] PartLoader: Compiling Internal Space 'Squad/Props/IVANavBall/prop/NavBall'
[LOG 01:37:47.335] PartLoader: Compiling Internal Space 'Squad/Props/ledPanelSpeed/prop/ledPanelSpeed'
[LOG 01:37:47.337] PartLoader: Compiling Internal Space 'Squad/Props/NavBall/prop/NavBall'
[LOG 01:37:47.338] PartLoader: Compiling Internal Space 'Squad/Props/pullSwitch/prop/pullSwitch'
[LOG 01:37:47.338] PartLoader: Compiling Internal Space 'Squad/Props/radarAltitude/prop/RadarAltimeter'
[LOG 01:37:47.339] PartLoader: Compiling Internal Space 'Squad/Props/squareButton/prop/squareButton'
[LOG 01:37:47.340] PartLoader: Compiling Internal Space 'Squad/Props/standingSwitch/prop/standingSwitch'
[LOG 01:37:47.341] PartLoader: Compiling Internal Space 'Squad/Props/switch/prop/switch'
[LOG 01:37:47.341] PartLoader: Compiling Internal Space 'Squad/Props/switchGuard/prop/switchGuard'
[LOG 01:37:47.342] PartLoader: Compiling Internal Space 'Squad/Props/switchWithGuards/prop/switchWithGuards'
[LOG 01:37:47.342] PartLoader: Compiling Internal Space 'Squad/Props/throttle/prop/throttle'
[LOG 01:37:47.343] PartLoader: Compiling Internal Space 'Squad/Props/VSI/prop/VSI'
[LOG 01:37:47.345] PartLoader: Compiling Internal Space 'Squad/Spaces/crewCabinInternals/internal/crewCabinInternals'
[LOG 01:37:47.351] PartLoader: Compiling Internal Space 'Squad/Spaces/cupolaInternal/internal/cupolaInternal'
[LOG 01:37:47.362] PartLoader: Compiling Internal Space 'Squad/Spaces/GenericSpace1/internal/GenericSpace1'
[LOG 01:37:47.363] PartLoader: Compiling Internal Space 'Squad/Spaces/GenericSpace3/internal/GenericSpace3'
[LOG 01:37:47.365] PartLoader: Compiling Internal Space 'Squad/Spaces/landerCabinInternals/internal/landerCabinInternals'
[LOG 01:37:47.367] PartLoader: Compiling Internal Space 'Squad/Spaces/landerCabinSmallInternal/internal/landerCabinSmallInternal'
[LOG 01:37:47.373] PartLoader: Compiling Internal Space 'Squad/Spaces/LargeCrewedLabInternals/internal/Mobile_Processing_Lab_Int'
[LOG 01:37:47.375] PartLoader: Compiling Internal Space 'Squad/Spaces/mk1CockpitInternal/internal/mk1CockpitInternal'
[LOG 01:37:47.378] PartLoader: Compiling Internal Space 'Squad/Spaces/mk1PodCockpit/internal/mk1PodCockpit'
[LOG 01:37:47.381] PartLoader: Compiling Internal Space 'Squad/Spaces/MK1_Inline_Int/MK1_Inline_Int/MK1_Inline_Int'
[LOG 01:37:47.387] PartLoader: Compiling Internal Space 'Squad/Spaces/mk2CockpitStandardInternal/internal/mk2CockpitStandardInternals'
[LOG 01:37:47.404] PartLoader: Compiling Internal Space 'Squad/Spaces/Mk2CrewCabinInternal/internal_MK2_CrewCab/MK2_CrewCab_Int'
[LOG 01:37:47.409] InternalSeat: Cannot find seatTransform of name 'Seat_UpLeft'
[LOG 01:37:47.409] InternalSeat: Cannot find portraitCamera of name 'Camera_UpLeft'
[LOG 01:37:47.410] InternalSeat: Cannot find seatTransform of name 'Seat_UpRight'
[LOG 01:37:47.410] InternalSeat: Cannot find portraitCamera of name 'Camera_UpRight'
[LOG 01:37:47.410] PartLoader: Compiling Internal Space 'Squad/Spaces/MK3CockpitInternal/internal_MK3/MK3_Cockpit_Int'
[LOG 01:37:47.418] InternalSeat: Cannot find seatTransform of name 'Seat_UpLeft'
[LOG 01:37:47.419] InternalSeat: Cannot find seatTransform of name 'Seat_UpRight'
[LOG 01:37:47.446] PartLoader: Compiling Internal Space 'Squad/Spaces/MK3_CrewCab_Int/internal_MK3_CrewCab/MK3_CrewCab_Int'
[LOG 01:37:47.448] InternalSeat: Cannot find portraitCamera of name 'Camera_Left003'
[LOG 01:37:47.455] PartLoader: Compiling Internal Space 'Squad/Spaces/Placeholder/internal/Placeholder'
[LOG 01:37:47.464] PartLoader: Compiling Internal Space 'Squad/Spaces/PodCockpit/internal/PodCockpit'
[LOG 01:37:47.474] Loading Systems: Elapsed time is 5.00133s
[LOG 01:37:48.125] 
[LOG 01:37:48.682] Agent: Found 18 agent mentality types
[LOG 01:37:48.683] AgentList: 27 agents parsed and loaded.
[LOG 01:37:49.056] [CelestialBody]: Kerbin's solar day length is 1d, 0h, 0m long. sidereal day length is 5h, 59m, 59s long
[WRN 01:37:49.067] HighlightingSystem : Framebuffer depth data is not available and can't be used to occlude highlighting. Highlighting occluders enabled.
[WRN 01:37:49.161] [HighLogic]: =========================== Scene Change : From LOADING to MAINMENU =====================
[LOG 01:37:49.476] AddonLoader: Instantiating addon 'HyperEditModule' from assembly 'HyperEdit'
[LOG 01:37:49.478] HyperEdit: Using "C:\ksp_dev\GameData\Kerbaltek\HyperEdit" as root config directory
[LOG 01:37:49.502] AddonLoader: Instantiating addon 'SwiftKSPRemoteModule' from assembly 'SwiftKSPRemote'
[LOG 01:37:49.502] SwiftKSPRemote: SKR Behaviour awake
[LOG 01:37:49.503] SwiftKSPRemote: Using "C:\ksp_dev\GameData\SwiftKSPRemote\SwiftKSPRemote" as root config directory
[LOG 01:37:49.503] AddonLoader: Instantiating addon 'Debug_AutoLoadPersistentSaveOnStartup' from assembly 'SwiftKSPRemote'
[LOG 01:37:49.543] ExperienceSystem: Found 0 trait types
[LOG 01:37:49.543] ExperienceSystem: Found 9 effect types
[WRN 01:37:49.563] [HighLogic]: =========================== Scene Change : From MAINMENU to FLIGHT (Async) =====================
[EXC 01:37:49.945] NullReferenceException: Object reference not set to an instance of an object
	DebugToolbar+.MoveNext ()
[EXC 01:37:50.180] NullReferenceException: Object reference not set to an instance of an object
	ContractsApp.Awake ()
[WRN 01:37:50.296] ApplicationLauncher already exist, destroying this instance
[LOG 01:37:50.312] AddonLoader: Instantiating addon 'NavWaypoint' from assembly 'KSP'
[EXC 01:37:50.329] NullReferenceException: Object reference not set to an instance of an object
	FlightAutoSave.Start ()
[LOG 01:37:50.330] ------------------- initializing flight mode... ------------------
[LOG 01:37:50.339] Target vessel index: 0  vessel count: 1
[LOG 01:37:50.339] [FLIGHT GLOBALS]: Switching To Vessel testcraft ---------------------- 
[LOG 01:37:50.340] setting new dominant body: Kerbin
FlightGlobals.mainBody: Kerbin
[LOG 01:37:50.341] Reference Frame: Rotating
[WRN 01:37:50.356] HighlightingSystem : Multiple Highlighter components on a single GameObject is not allowed! Highlighter has been disabled on a GameObject with name 'model'.
[LOG 01:37:50.413] Camera Mode: AUTO
[LOG 01:37:50.424] stage manager resuming...
[LOG 01:37:51.347] all systems started
[EXC 01:37:51.371] NullReferenceException: Object reference not set to an instance of an object
	NavWaypoint.Start ()
[LOG 01:37:52.298] [ScenarioDestructibles]: Loading... 0 objects registered
[LOG 01:37:52.300] Loading Depletion Nodes
[LOG 01:37:52.300] DepNodeCount:  0
[LOG 01:37:52.301] Loading Biome Nodes
[LOG 01:37:52.301] BiomeNodeCount:  0
[LOG 01:37:52.301] Loading Planet Nodes
[LOG 01:37:52.301] PlanetNodeCount:  0
[LOG 01:37:52.306] [AsteroidSpawner]: No new objects this time. (Odds are 1:2)
[LOG 01:37:54.159] [PlanetariumCamera]: Focus: testcraft
[WRN 01:37:54.214] [CurrencyWidgetsApp]: No live widgets to Despawn!
[LOG 01:37:54.358] Flight State Captured
[LOG 01:37:54.359] Saving Achievements Tree...
[LOG 01:37:54.359] Saving Achievements Tree...
[LOG 01:37:54.370] Game State Saved as persistent
[LOG 01:37:54.864] Unpacking testcraft
[LOG 01:37:55.620] SwiftKSPRemote: Server wanting to AddService
[LOG 01:37:55.621] SwiftKSPRemote: No winpos found for "SwiftKSPRemote", defaulting to 100,100
