Kerbal Space Program - 1.0.2.842 (WindowsPlayer)


OS: Windows 8.1  (6.3.9600) 64bit
CPU: Intel(R) Core(TM) i7-3770K CPU @ 3.50GHz (8)
RAM: 16269
GPU: AMD Radeon HD 6900 Series (2032MB)
SM: 30 (Direct3D 9.0c [aticfx32.dll 8.17.10.1333])
RT Formats: ARGB32, Depth, ARGBHalf, RGB565, ARGB4444, ARGB1555, Default, DefaultHDR, ARGBFloat, RGFloat, RGHalf, RFloat, RHalf, R8


Log started: Wed, Jun 10, 2015 14:02:56


[LOG 14:02:57.734] PhysicsGlobals: Loading database
[LOG 14:02:58.357] Load(Assembly): /ModuleManager.2.6.5
[LOG 14:02:58.419] AssemblyLoader: Loading assembly at C:\ksp_dev\GameData\ModuleManager.2.6.5.dll
[LOG 14:02:58.780] AssemblyLoader: KSPAssembly 'ModuleManager' V2.5
[LOG 14:02:58.781] Load(Assembly): Kerbaltek/HyperEdit
[LOG 14:02:58.782] AssemblyLoader: Loading assembly at C:\ksp_dev\GameData\Kerbaltek\HyperEdit.dll
[LOG 14:02:58.783] Load(Assembly): SKRApi/SKRApi
[LOG 14:02:58.784] AssemblyLoader: Loading assembly at C:\ksp_dev\GameData\SKRApi\SKRApi.dll
[LOG 14:02:58.786] AssemblyLoader: KSPAssembly 'SKRApi' V1.0
[LOG 14:02:58.786] AssemblyLoader: KSPAssemblyDependency 'SwiftKSPRemote' V1.0
[LOG 14:02:58.787] AssemblyLoader: KSPAssemblyDependency 'Thrift' V9.2
[LOG 14:02:58.788] Load(Assembly): SKRApi/Thrift
[LOG 14:02:58.788] AssemblyLoader: Loading assembly at C:\ksp_dev\GameData\SKRApi\Thrift.dll
[LOG 14:02:58.790] AssemblyLoader: KSPAssembly 'Thrift' V9.2
[LOG 14:02:58.791] Load(Assembly): SwiftKSPRemote/Mono.CSharp
[LOG 14:02:58.791] AssemblyLoader: Loading assembly at C:\ksp_dev\GameData\SwiftKSPRemote\Mono.CSharp.dll
[ERR 14:02:58.801] Failed to load assembly C:\ksp_dev\GameData\SwiftKSPRemote\Mono.CSharp.dll:
System.Security.SecurityException: Assembly C:\ksp_dev\GameData\SwiftKSPRemote\Mono.CSharp.dll tried to use forbidden type System.Diagnostics.Process!
Allows launching of external processes.
  at AssemblyLoader.ScanForBadTypeRefs (System.String file) [0x00000] in <filename unknown>:0 
  at AssemblyLoader.LoadExternalAssembly (System.String file) [0x00000] in <filename unknown>:0 

[LOG 14:02:58.803] Load(Assembly): SwiftKSPRemote/SwiftKSPRemote
[LOG 14:02:58.804] AssemblyLoader: Loading assembly at C:\ksp_dev\GameData\SwiftKSPRemote\SwiftKSPRemote.dll
[LOG 14:02:58.806] AssemblyLoader: KSPAssembly 'SwiftKSPRemote' V1.0
[LOG 14:02:58.807] AssemblyLoader: KSPAssemblyDependency 'Thrift' V9.2
[LOG 14:02:58.807] Load(Assembly): SwiftKSPRemote/Thrift
[LOG 14:02:58.808] AssemblyLoader: Loading assembly at C:\ksp_dev\GameData\SwiftKSPRemote\Thrift.dll
[LOG 14:02:58.817] AssemblyLoader: KSPAssembly 'Thrift' V9.2
[LOG 14:02:58.819] AssemblyLoader: Loading assemblies
[ERR 14:02:58.839] AssemblyLoader: Exception loading 'Thrift': System.Reflection.ReflectionTypeLoadException: The classes in the module cannot be loaded.
  at (wrapper managed-to-native) System.Reflection.Assembly:GetTypes (bool)
  at System.Reflection.Assembly.GetTypes () [0x00000] in <filename unknown>:0 
  at AssemblyLoader.LoadAssemblies () [0x00000] in <filename unknown>:0 

Additional information about this exception:

 System.TypeLoadException: Could not load type 'Thrift.Transport.TNamedPipeClientTransport' from assembly 'Thrift, Version=0.9.2.0, Culture=neutral, PublicKeyToken=null'.

 System.TypeLoadException: Could not load type 'Thrift.Transport.TNamedPipeServerTransport' from assembly 'Thrift, Version=0.9.2.0, Culture=neutral, PublicKeyToken=null'.

 System.IO.FileNotFoundException: Could not load file or assembly 'System.Web, Version=2.0.0.0, Culture=neutral, PublicKeyToken=b03f5f7f11d50a3a' or one of its dependencies.
File name: 'System.Web, Version=2.0.0.0, Culture=neutral, PublicKeyToken=b03f5f7f11d50a3a'

 System.TypeLoadException: Could not load type 'ServerTransport' from assembly 'Thrift, Version=0.9.2.0, Culture=neutral, PublicKeyToken=null'.

[ERR 14:02:58.850] AssemblyLoader: Exception loading 'Thrift': System.Reflection.ReflectionTypeLoadException: The classes in the module cannot be loaded.
  at (wrapper managed-to-native) System.Reflection.Assembly:GetTypes (bool)
  at System.Reflection.Assembly.GetTypes () [0x00000] in <filename unknown>:0 
  at AssemblyLoader.LoadAssemblies () [0x00000] in <filename unknown>:0 

Additional information about this exception:

 System.TypeLoadException: Could not load type 'Thrift.Transport.THttpHandler' from assembly 'Thrift, Version=0.9.2.0, Culture=neutral, PublicKeyToken=null'.

 System.TypeLoadException: Could not load type 'Thrift.Transport.TNamedPipeClientTransport' from assembly 'Thrift, Version=0.9.2.0, Culture=neutral, PublicKeyToken=null'.

 System.TypeLoadException: Could not load type 'Thrift.Transport.TNamedPipeServerTransport' from assembly 'Thrift, Version=0.9.2.0, Culture=neutral, PublicKeyToken=null'.

 System.TypeLoadException: Could not load type 'ServerTransport' from assembly 'Thrift, Version=0.9.2.0, Culture=neutral, PublicKeyToken=null'.

[LOG 14:02:58.855] VesselModules: Found 1 VesselModule types
[LOG 14:02:58.863] AddonLoader: Instantiating addon 'ModuleManager' from assembly 'ModuleManager'
[LOG 14:02:58.889] [ModuleManager] Adding ModuleManager to the loading screen 2
[LOG 14:02:58.897] AddonLoader: Instantiating addon 'SwiftKSPRemoteDebug' from assembly 'SwiftKSPRemote'
[LOG 14:02:58.898] Hijacking the KSP logging utility!
[LOG 14:02:58.899] Hijack finished!
[LOG 14:02:58.899] AddonLoader: Instantiating addon 'Notes' from assembly 'SwiftKSPRemote'
[LOG 14:02:58.903] notes.dll version: 1.0.0.0
[LOG 14:02:58.904] [notes.dll] Loading Config...
[LOG 14:02:58.905] [notes.dll] Config Loaded Successfully
[LOG 14:02:59.062] Load(Audio): Squad/Sounds/editorLoop01
[LOG 14:02:59.353] Load(Audio): Squad/Sounds/sound_ambience_nature
[LOG 14:02:59.368] Load(Audio): Squad/Sounds/sound_click_flick
[LOG 14:02:59.371] Load(Audio): Squad/Sounds/sound_click_latch
[LOG 14:02:59.385] Load(Audio): Squad/Sounds/sound_click_sharp
[LOG 14:02:59.402] Load(Audio): Squad/Sounds/sound_click_tick
[LOG 14:02:59.405] Load(Audio): Squad/Sounds/sound_click_tock
[LOG 14:02:59.408] Load(Audio): Squad/Sounds/sound_decoupler_fire
[LOG 14:02:59.411] Load(Audio): Squad/Sounds/sound_delete_bin
[LOG 14:02:59.414] Load(Audio): Squad/Sounds/sound_explosion_debris1
[LOG 14:02:59.418] Load(Audio): Squad/Sounds/sound_explosion_debris2
[LOG 14:02:59.422] Load(Audio): Squad/Sounds/sound_explosion_large
[LOG 14:02:59.426] Load(Audio): Squad/Sounds/sound_rocket_mini
[LOG 14:02:59.430] Load(Audio): Squad/Sounds/sound_rocket_spurts
[LOG 14:02:59.435] Load(Audio): Squad/Sounds/sound_tab_extend
[LOG 14:02:59.438] Load(Audio): Squad/Sounds/sound_tab_retreat
[LOG 14:02:59.440] Load(Texture): Kerbaltek/Flags/Kerbaltek-Aerospace
[LOG 14:02:59.454] Load(Texture): Kerbaltek/Flags/Kerbaltek-Rocket
[LOG 14:02:59.462] Load(Texture): Kerbaltek/Flags/Kerbaltek-Satellite
[LOG 14:02:59.472] Load(Texture): Kerbaltek/Flags/Kerbaltek-Spaceplane
[LOG 14:02:59.481] Load(Texture): Kerbaltek/Flags/Kerbaltek-Station
[LOG 14:02:59.490] Load(Texture): Squad/Agencies/C7AerospaceDivision
[LOG 14:02:59.498] Load(Texture): Squad/Agencies/C7AerospaceDivision_scaled
[LOG 14:02:59.504] Load(Texture): Squad/Agencies/DinkelsteinKermansConstructionEmporium
[LOG 14:02:59.511] Load(Texture): Squad/Agencies/DinkelsteinKermansConstructionEmporium_scaled
[LOG 14:02:59.517] Load(Texture): Squad/Agencies/ExperimentalEngineering
[LOG 14:02:59.524] Load(Texture): Squad/Agencies/ExperimentalEngineering_scaled
[LOG 14:02:59.530] Load(Texture): Squad/Agencies/FlooydResearchLab
[LOG 14:02:59.537] Load(Texture): Squad/Agencies/FlooydResearchLab_scaled
[LOG 14:02:59.544] Load(Texture): Squad/Agencies/GoliathNationalProducts
[LOG 14:02:59.551] Load(Texture): Squad/Agencies/GoliathNationalProducts_scaled
[LOG 14:02:59.557] Load(Texture): Squad/Agencies/IntegratedIntegrals
[LOG 14:02:59.563] Load(Texture): Squad/Agencies/IntegratedIntegrals_scaled
[LOG 14:02:59.570] Load(Texture): Squad/Agencies/IonicSymphonicProtonicElectronics
[LOG 14:02:59.576] Load(Texture): Squad/Agencies/IonicSymphonicProtonicElectronics_scaled
[LOG 14:02:59.583] Load(Texture): Squad/Agencies/JebsJunkyard
[LOG 14:02:59.589] Load(Texture): Squad/Agencies/JebsJunkyard_scaled
[LOG 14:02:59.595] Load(Texture): Squad/Agencies/KerbalMotion
[LOG 14:02:59.602] Load(Texture): Squad/Agencies/KerbalMotion_scaled
[LOG 14:02:59.608] Load(Texture): Squad/Agencies/KerbinWorldFirstRecordKeepingSociety
[LOG 14:02:59.615] Load(Texture): Squad/Agencies/KerbinWorldFirstRecordKeepingSociety_scaled
[LOG 14:02:59.621] Load(Texture): Squad/Agencies/Kerbodyne
[LOG 14:02:59.628] Load(Texture): Squad/Agencies/Kerbodyne_scaled
[LOG 14:02:59.634] Load(Texture): Squad/Agencies/Kerlington
[LOG 14:02:59.640] Load(Texture): Squad/Agencies/Kerlington_scaled
[LOG 14:02:59.647] Load(Texture): Squad/Agencies/MaxoConstructionToys
[LOG 14:02:59.653] Load(Texture): Squad/Agencies/MaxoConstructionToys_scaled
[LOG 14:02:59.660] Load(Texture): Squad/Agencies/MovingPartsExpertsGroup
[LOG 14:02:59.667] Load(Texture): Squad/Agencies/MovingPartsExpertsGroup_scaled
[LOG 14:02:59.673] Load(Texture): Squad/Agencies/OMBDemolition
[LOG 14:02:59.680] Load(Texture): Squad/Agencies/OMBDemolition_scaled
[LOG 14:02:59.686] Load(Texture): Squad/Agencies/PeriapsisCo
[LOG 14:02:59.692] Load(Texture): Squad/Agencies/PeriapsisCo_scaled
[LOG 14:02:59.699] Load(Texture): Squad/Agencies/Probodobodyne
[LOG 14:02:59.705] Load(Texture): Squad/Agencies/Probodobodyne_scaled
[LOG 14:02:59.712] Load(Texture): Squad/Agencies/R&D
[LOG 14:02:59.718] Load(Texture): Squad/Agencies/R&D_scaled
[LOG 14:02:59.725] Load(Texture): Squad/Agencies/ReactionSystemsLtd
[LOG 14:02:59.732] Load(Texture): Squad/Agencies/ReactionSystemsLtd_scaled
[LOG 14:02:59.739] Load(Texture): Squad/Agencies/Rockomax
[LOG 14:02:59.745] Load(Texture): Squad/Agencies/Rockomax_scaled
[LOG 14:02:59.752] Load(Texture): Squad/Agencies/Rokea
[LOG 14:02:59.758] Load(Texture): Squad/Agencies/Rokea_scaled
[LOG 14:02:59.765] Load(Texture): Squad/Agencies/SeansCannery
[LOG 14:02:59.772] Load(Texture): Squad/Agencies/SeansCannery_scaled
[LOG 14:02:59.779] Load(Texture): Squad/Agencies/SteadlerEngineeringCorps
[LOG 14:02:59.786] Load(Texture): Squad/Agencies/SteadlerEngineeringCorps_scaled
[LOG 14:02:59.792] Load(Texture): Squad/Agencies/StrutCo
[LOG 14:02:59.799] Load(Texture): Squad/Agencies/StrutCo_scaled
[LOG 14:02:59.805] Load(Texture): Squad/Agencies/Vac-Co
[LOG 14:02:59.813] Load(Texture): Squad/Agencies/Vac-Co_scaled
[LOG 14:02:59.819] Load(Texture): Squad/Agencies/WinterOwl
[LOG 14:02:59.826] Load(Texture): Squad/Agencies/WinterOwl_scaled
[LOG 14:02:59.833] Load(Texture): Squad/Agencies/ZaltonicElectronics
[LOG 14:02:59.840] Load(Texture): Squad/Agencies/ZaltonicElectronics_scaled
[LOG 14:02:59.846] Load(Texture): Squad/Contracts/Icons/an
[LOG 14:02:59.853] Load(Texture): Squad/Contracts/Icons/ap
[LOG 14:02:59.861] Load(Texture): Squad/Contracts/Icons/balloon
[LOG 14:02:59.868] Load(Texture): Squad/Contracts/Icons/default
[LOG 14:02:59.874] Load(Texture): Squad/Contracts/Icons/dish
[LOG 14:02:59.881] Load(Texture): Squad/Contracts/Icons/dn
[LOG 14:02:59.887] Load(Texture): Squad/Contracts/Icons/eva
[LOG 14:02:59.894] Load(Texture): Squad/Contracts/Icons/gravity
[LOG 14:02:59.900] Load(Texture): Squad/Contracts/Icons/marker
[LOG 14:02:59.906] Load(Texture): Squad/Contracts/Icons/orbit
[LOG 14:02:59.913] Load(Texture): Squad/Contracts/Icons/pe
[LOG 14:02:59.919] Load(Texture): Squad/Contracts/Icons/pressure
[LOG 14:02:59.926] Load(Texture): Squad/Contracts/Icons/report
[LOG 14:02:59.933] Load(Texture): Squad/Contracts/Icons/sample
[LOG 14:02:59.939] Load(Texture): Squad/Contracts/Icons/seismic
[LOG 14:02:59.946] Load(Texture): Squad/Contracts/Icons/thermometer
[LOG 14:02:59.953] Load(Texture): Squad/Flags/09
[LOG 14:02:59.961] Load(Texture): Squad/Flags/blorbs
[LOG 14:02:59.969] Load(Texture): Squad/Flags/bullseye
[LOG 14:02:59.977] Load(Texture): Squad/Flags/capsule
[LOG 14:02:59.985] Load(Texture): Squad/Flags/circles
[LOG 14:02:59.993] Load(Texture): Squad/Flags/default
[LOG 14:03:00.002] Load(Texture): Squad/Flags/esa_black
[LOG 14:03:00.011] Load(Texture): Squad/Flags/esa_dark_blue
[LOG 14:03:00.020] Load(Texture): Squad/Flags/esa_grey
[LOG 14:03:00.028] Load(Texture): Squad/Flags/esa_negative
[LOG 14:03:00.038] Load(Texture): Squad/Flags/esa_white
[LOG 14:03:00.047] Load(Texture): Squad/Flags/hexagon
[LOG 14:03:00.055] Load(Texture): Squad/Flags/hexagonCircles
[LOG 14:03:00.065] Load(Texture): Squad/Flags/kerbal1
[LOG 14:03:00.074] Load(Texture): Squad/Flags/kerbal2
[LOG 14:03:00.082] Load(Texture): Squad/Flags/kerbin
[LOG 14:03:00.093] Load(Texture): Squad/Flags/kerbinmunflag
[LOG 14:03:00.100] Load(Texture): Squad/Flags/line
[LOG 14:03:00.109] Load(Texture): Squad/Flags/minimalistic
[LOG 14:03:00.120] Load(Texture): Squad/Flags/NASA
[LOG 14:03:00.129] Load(Texture): Squad/Flags/orbit
[LOG 14:03:00.138] Load(Texture): Squad/Flags/orbs
[LOG 14:03:00.146] Load(Texture): Squad/Flags/retro
[LOG 14:03:00.155] Load(Texture): Squad/Flags/rings
[LOG 14:03:00.164] Load(Texture): Squad/Flags/rocketScience
[LOG 14:03:00.172] Load(Texture): Squad/Flags/satellite
[LOG 14:03:00.180] Load(Texture): Squad/Flags/spheres
[LOG 14:03:00.189] Load(Texture): Squad/Flags/squadLogo
[LOG 14:03:00.197] Load(Texture): Squad/Flags/squadLogo2
[LOG 14:03:00.205] Load(Texture): Squad/Flags/stripes
[LOG 14:03:00.213] Load(Texture): Squad/Flags/trees
[LOG 14:03:00.221] Load(Texture): Squad/Flags/trippy
[LOG 14:03:00.231] Load(Texture): Squad/Flags/uk_space_agency
[LOG 14:03:00.239] Load(Texture): Squad/FX/rocketplume2
[LOG 14:03:00.246] Load(Texture): Squad/FX/shockDiamond2
[LOG 14:03:00.253] Load(Texture): Squad/FX/smokepuff1
[LOG 14:03:00.259] Load(Texture): Squad/PartList/SimpleIcons/cs_main
[LOG 14:03:00.266] Load(Texture): Squad/PartList/SimpleIcons/cs_mk2
[LOG 14:03:00.273] Load(Texture): Squad/PartList/SimpleIcons/cs_mk3
[LOG 14:03:00.281] Load(Texture): Squad/PartList/SimpleIcons/cs_size0
[LOG 14:03:00.288] Load(Texture): Squad/PartList/SimpleIcons/cs_size1
[LOG 14:03:00.295] Load(Texture): Squad/PartList/SimpleIcons/cs_size2
[LOG 14:03:00.301] Load(Texture): Squad/PartList/SimpleIcons/cs_size3
[LOG 14:03:00.308] Load(Texture): Squad/PartList/SimpleIcons/cs_surface
[LOG 14:03:00.316] Load(Texture): Squad/PartList/SimpleIcons/fuels_monopropellant
[LOG 14:03:00.323] Load(Texture): Squad/PartList/SimpleIcons/fuels_ore
[LOG 14:03:00.330] Load(Texture): Squad/PartList/SimpleIcons/fuels_oxidizer
[LOG 14:03:00.336] Load(Texture): Squad/PartList/SimpleIcons/fuels_solidfuel
[LOG 14:03:00.344] Load(Texture): Squad/PartList/SimpleIcons/fuels_xenongas
[LOG 14:03:00.351] Load(Texture): Squad/PartList/SimpleIcons/number1
[LOG 14:03:00.358] Load(Texture): Squad/PartList/SimpleIcons/number2
[LOG 14:03:00.365] Load(Texture): Squad/PartList/SimpleIcons/number3
[LOG 14:03:00.372] Load(Texture): Squad/PartList/SimpleIcons/number4
[LOG 14:03:00.380] Load(Texture): Squad/PartList/SimpleIcons/number5
[LOG 14:03:00.387] Load(Texture): Squad/PartList/SimpleIcons/number6
[LOG 14:03:00.394] Load(Texture): Squad/PartList/SimpleIcons/number7
[LOG 14:03:00.401] Load(Texture): Squad/PartList/SimpleIcons/number8
[LOG 14:03:00.408] Load(Texture): Squad/PartList/SimpleIcons/number9
[LOG 14:03:00.415] Load(Texture): Squad/PartList/SimpleIcons/R&D_node_icon_advaerodynamics
[LOG 14:03:00.423] Load(Texture): Squad/PartList/SimpleIcons/R&D_node_icon_advancedmotors
[LOG 14:03:00.430] Load(Texture): Squad/PartList/SimpleIcons/R&D_node_icon_advconstruction
[LOG 14:03:00.436] Load(Texture): Squad/PartList/SimpleIcons/R&D_node_icon_advelectrics
[LOG 14:03:00.443] Load(Texture): Squad/PartList/SimpleIcons/R&D_node_icon_advexploration
[LOG 14:03:00.451] Load(Texture): Squad/PartList/SimpleIcons/R&D_node_icon_advflightcontrol
[LOG 14:03:00.458] Load(Texture): Squad/PartList/SimpleIcons/R&D_node_icon_advlanding
[LOG 14:03:00.465] Load(Texture): Squad/PartList/SimpleIcons/R&D_node_icon_advmetalworks
[LOG 14:03:00.472] Load(Texture): Squad/PartList/SimpleIcons/R&D_node_icon_advrocketry
[LOG 14:03:00.480] Load(Texture): Squad/PartList/SimpleIcons/R&D_node_icon_advsciencetech
[LOG 14:03:00.487] Load(Texture): Squad/PartList/SimpleIcons/R&D_node_icon_advunmanned
[LOG 14:03:00.494] Load(Texture): Squad/PartList/SimpleIcons/R&D_node_icon_aerodynamicsystems
[LOG 14:03:00.501] Load(Texture): Squad/PartList/SimpleIcons/R&D_node_icon_aerospacetech
[LOG 14:03:00.509] Load(Texture): Squad/PartList/SimpleIcons/R&D_node_icon_automation
[LOG 14:03:00.516] Load(Texture): Squad/PartList/SimpleIcons/R&D_node_icon_basicprobes
[LOG 14:03:00.523] Load(Texture): Squad/PartList/SimpleIcons/R&D_node_icon_basicrocketry
[LOG 14:03:00.530] Load(Texture): Squad/PartList/SimpleIcons/R&D_node_icon_composites
[LOG 14:03:00.537] Load(Texture): Squad/PartList/SimpleIcons/R&D_node_icon_electrics
[LOG 14:03:00.544] Load(Texture): Squad/PartList/SimpleIcons/R&D_node_icon_electronics
[LOG 14:03:00.550] Load(Texture): Squad/PartList/SimpleIcons/R&D_node_icon_evatech
[LOG 14:03:00.556] Load(Texture): Squad/PartList/SimpleIcons/R&D_node_icon_experimentalaerodynamics
[LOG 14:03:00.563] Load(Texture): Squad/PartList/SimpleIcons/R&D_node_icon_experimentalelectrics
[LOG 14:03:00.569] Load(Texture): Squad/PartList/SimpleIcons/R&D_node_icon_experimentalmotors
[LOG 14:03:00.575] Load(Texture): Squad/PartList/SimpleIcons/R&D_node_icon_experimentalrocketry
[LOG 14:03:00.582] Load(Texture): Squad/PartList/SimpleIcons/R&D_node_icon_experimentalscience
[LOG 14:03:00.588] Load(Texture): Squad/PartList/SimpleIcons/R&D_node_icon_fieldscience
[LOG 14:03:00.594] Load(Texture): Squad/PartList/SimpleIcons/R&D_node_icon_flightcontrol
[LOG 14:03:00.600] Load(Texture): Squad/PartList/SimpleIcons/R&D_node_icon_fuelsystems
[LOG 14:03:00.607] Load(Texture): Squad/PartList/SimpleIcons/R&D_node_icon_generalconstruction
[LOG 14:03:00.613] Load(Texture): Squad/PartList/SimpleIcons/R&D_node_icon_generalrocketry
[LOG 14:03:00.620] Load(Texture): Squad/PartList/SimpleIcons/R&D_node_icon_generic
[LOG 14:03:00.627] Load(Texture): Squad/PartList/SimpleIcons/R&D_node_icon_heavierrocketry
[LOG 14:03:00.633] Load(Texture): Squad/PartList/SimpleIcons/R&D_node_icon_heavyaerodynamics
[LOG 14:03:00.640] Load(Texture): Squad/PartList/SimpleIcons/R&D_node_icon_heavyrocketry
[LOG 14:03:00.646] Load(Texture): Squad/PartList/SimpleIcons/R&D_node_icon_highaltitudeflight
[LOG 14:03:00.652] Load(Texture): Squad/PartList/SimpleIcons/R&D_node_icon_highaltitudepropulsion
[LOG 14:03:00.659] Load(Texture): Squad/PartList/SimpleIcons/R&D_node_icon_hypersonicflight
[LOG 14:03:00.665] Load(Texture): Squad/PartList/SimpleIcons/R&D_node_icon_ionpropulsion
[LOG 14:03:00.671] Load(Texture): Squad/PartList/SimpleIcons/R&D_node_icon_landing
[LOG 14:03:00.677] Load(Texture): Squad/PartList/SimpleIcons/R&D_node_icon_largecontrol
[LOG 14:03:00.684] Load(Texture): Squad/PartList/SimpleIcons/R&D_node_icon_largeelectrics
[LOG 14:03:00.690] Load(Texture): Squad/PartList/SimpleIcons/R&D_node_icon_largeprobes
[LOG 14:03:00.696] Load(Texture): Squad/PartList/SimpleIcons/R&D_node_icon_metamaterials
[LOG 14:03:00.703] Load(Texture): Squad/PartList/SimpleIcons/R&D_node_icon_nanolathing
[LOG 14:03:00.709] Load(Texture): Squad/PartList/SimpleIcons/R&D_node_icon_nuclearpropulsion
[LOG 14:03:00.716] Load(Texture): Squad/PartList/SimpleIcons/R&D_node_icon_precisionengineering
[LOG 14:03:00.722] Load(Texture): Squad/PartList/SimpleIcons/R&D_node_icon_robotics
[LOG 14:03:00.729] Load(Texture): Squad/PartList/SimpleIcons/R&D_node_icon_sciencetech
[LOG 14:03:00.735] Load(Texture): Squad/PartList/SimpleIcons/R&D_node_icon_specializedconstruction
[LOG 14:03:00.741] Load(Texture): Squad/PartList/SimpleIcons/R&D_node_icon_specializedcontrol
[LOG 14:03:00.748] Load(Texture): Squad/PartList/SimpleIcons/R&D_node_icon_specializedelectrics
[LOG 14:03:00.754] Load(Texture): Squad/PartList/SimpleIcons/R&D_node_icon_stability
[LOG 14:03:00.760] Load(Texture): Squad/PartList/SimpleIcons/R&D_node_icon_start
[LOG 14:03:00.767] Load(Texture): Squad/PartList/SimpleIcons/R&D_node_icon_supersonicflight
[LOG 14:03:00.773] Load(Texture): Squad/PartList/SimpleIcons/R&D_node_icon_survivability
[LOG 14:03:00.779] Load(Texture): Squad/PartList/SimpleIcons/R&D_node_icon_unmannedtech
[LOG 14:03:00.786] Load(Texture): Squad/PartList/SimpleIcons/R&D_node_icon_veryheavyrocketry
[LOG 14:03:00.792] Load(Texture): Squad/PartList/SimpleIcons/RDicon_aerospaceTech2
[LOG 14:03:00.799] Load(Texture): Squad/PartList/SimpleIcons/RDicon_commandmodules
[LOG 14:03:00.806] Load(Texture): Squad/PartList/SimpleIcons/RDicon_fuelSystems-advanced
[LOG 14:03:00.812] Load(Texture): Squad/PartList/SimpleIcons/RDicon_fuelSystems-highPerformance
[LOG 14:03:00.818] Load(Texture): Squad/PartList/SimpleIcons/RDicon_largeVolumeContainment
[LOG 14:03:00.825] Load(Texture): Squad/PartList/SimpleIcons/RDicon_miniaturization
[LOG 14:03:00.831] Load(Texture): Squad/PartList/SimpleIcons/RDicon_propulsion-precision
[LOG 14:03:00.837] Load(Texture): Squad/PartList/SimpleIcons/RDicon_propulsionSystems
[LOG 14:03:00.844] Load(Texture): Squad/PartList/SimpleIcons/RDicon_telescope
[LOG 14:03:00.850] Load(Texture): Squad/Parts/1x6SolarPanels/model000
[LOG 14:03:00.856] Load(Texture): Squad/Parts/1x6SolarPanels/model001
[LOG 14:03:00.863] Load(Texture): Squad/Parts/1x6SolarPanels/model002
[LOG 14:03:00.870] Load(Texture): Squad/Parts/fuelLine/model000
[LOG 14:03:00.876] Load(Texture): Squad/Parts/fuelTankT100/tank4
[LOG 14:03:00.883] Load(Texture): Squad/Parts/liquidEngine24-77/model000
[LOG 14:03:00.890] Load(Texture): Squad/Parts/liquidEngineLV-1/model000
[LOG 14:03:00.896] Load(Texture): Squad/Parts/liquidEngineLV-1/model001
[LOG 14:03:00.903] Load(Texture): Squad/Parts/liquidEngineMainsail/model000
[LOG 14:03:00.909] Load(Texture): Squad/Parts/liquidEngineMainsail/model001
[LOG 14:03:00.916] Load(Texture): Squad/Parts/liquidEngineMainsail/model002
[LOG 14:03:00.924] Load(Texture): Squad/Parts/liquidEngineMainsail/model003
[LOG 14:03:00.930] Load(Texture): Squad/Parts/liquidEngineMainsail/model004
[LOG 14:03:00.937] Load(Texture): Squad/Parts/liquidEngineMk55/model000
[LOG 14:03:00.944] Load(Texture): Squad/Parts/liquidEnginePoodle/model000
[LOG 14:03:00.950] Load(Texture): Squad/Parts/liquidEnginePoodle/model001
[LOG 14:03:00.957] Load(Texture): Squad/Parts/liquidEnginePoodle/model002
[LOG 14:03:00.964] Load(Texture): Squad/Parts/liquidEnginePoodle/model003
[LOG 14:03:00.971] Load(Texture): Squad/Parts/liquidEngineSkipper/ksp_l_midrangeEngine_diff
[LOG 14:03:00.978] Load(Texture): Squad/Parts/liquidEngineSkipper/ksp_l_midrangeEngine_emissive
[LOG 14:03:00.986] Load(Texture): Squad/Parts/liquidEngineSkipper/ksp_l_midrangeEngine_fairing_diff
[LOG 14:03:01.000] Load(Texture): Squad/Parts/liquidEngineSkipper/ksp_l_midrangeEngine_fairing_norm
[LOG 14:03:01.009] Load(Texture): Squad/Parts/liquidEngineSkipper/ksp_l_midrangeEngine_normal
[LOG 14:03:01.017] Load(Texture): Squad/Parts/mk1Parts/mk1Fuselage
[LOG 14:03:01.025] Load(Texture): Squad/Parts/mk1Parts/mk1FuselageFuel
[LOG 14:03:01.034] Load(Texture): Squad/Parts/mk1pod/hatch
[LOG 14:03:01.040] Load(Texture): Squad/Parts/mk1pod/ladderrung
[LOG 14:03:01.047] Load(Texture): Squad/Parts/mk1pod/outer shell NRM
[LOG 14:03:01.054] Load(Texture): Squad/Parts/mk1pod/outer shell
[LOG 14:03:01.060] Load(Texture): Squad/Parts/mk1pod/window
[LOG 14:03:01.066] Load(Texture): Squad/Parts/RCSFuelTankR1/model000
[LOG 14:03:01.067] Load(Texture): Squad/Parts/RCSFuelTankR1/model001
[LOG 14:03:01.068] Load(Texture): Squad/Parts/Size2LFB/Size2LFBEmissive
[LOG 14:03:01.069] Load(Texture): Squad/Parts/Size2LFB/twin_nozzle_booster_cm
[LOG 14:03:01.072] Load(Texture): Squad/Parts/Size2LFB/twin_nozzle_booster_nm
[LOG 14:03:01.076] Load(Texture): Squad/Parts/strutConnector/model000
[LOG 14:03:01.077] Load(Texture): Squad/Parts/strutCubicOcto/model000
[LOG 14:03:01.078] Load(Texture): Squad/Parts/strutOcto/model000
[LOG 14:03:01.079] Load(Texture): Squad/Parts/z-400Battery/model000
[LOG 14:03:01.080] Load(Texture): Squad/Props/AltimeterThreeHands/model000
[LOG 14:03:01.081] Load(Texture): Squad/Props/AltimeterThreeHands/model001
[LOG 14:03:01.082] Load(Texture): Squad/Props/AtmosphereDepth/model000
[LOG 14:03:01.083] Load(Texture): Squad/Props/AtmosphereDepth/model001
[LOG 14:03:01.084] Load(Texture): Squad/Props/AxisIndicator/model000
[LOG 14:03:01.085] Load(Texture): Squad/Props/ButtonSquare/model000
[LOG 14:03:01.087] Load(Texture): Squad/Props/circularButton/model000
[LOG 14:03:01.088] Load(Texture): Squad/Props/Compass/model000
[LOG 14:03:01.089] Load(Texture): Squad/Props/directionalKnob/model000
[LOG 14:03:01.090] Load(Texture): Squad/Props/directionalKnob2/model000
[LOG 14:03:01.091] Load(Texture): Squad/Props/IndicatorPanel/model000
[LOG 14:03:01.093] Load(Texture): Squad/Props/IndicatorPanel/model001
[LOG 14:03:01.094] Load(Texture): Squad/Props/IVANavBall/Arrows8dir
[LOG 14:03:01.095] Load(Texture): Squad/Props/IVANavBall/IVANavBall
[LOG 14:03:01.096] Load(Texture): Squad/Props/IVANavBall/ManeuverNode_vectors
[LOG 14:03:01.097] Load(Texture): Squad/Props/IVANavBall/navball2
[LOG 14:03:01.098] Load(Texture): Squad/Props/IVANavBall/navBall_DV_IVA
[LOG 14:03:01.099] Load(Texture): Squad/Props/IVANavBall/navBall_vectors_IVA
[LOG 14:03:01.100] Load(Texture): Squad/Props/ledPanelSpeed/model000
[LOG 14:03:01.101] Load(Texture): Squad/Props/ledPanelSpeed/model001
[LOG 14:03:01.102] Load(Texture): Squad/Props/NavBall/model000
[LOG 14:03:01.103] Load(Texture): Squad/Props/NavBall/model001
[LOG 14:03:01.104] Load(Texture): Squad/Props/NavBall/model002
[LOG 14:03:01.105] Load(Texture): Squad/Props/NavBall/model003
[LOG 14:03:01.106] Load(Texture): Squad/Props/pullSwitch/model000
[LOG 14:03:01.107] Load(Texture): Squad/Props/pullSwitch/model001
[LOG 14:03:01.108] Load(Texture): Squad/Props/radarAltitude/model000
[LOG 14:03:01.109] Load(Texture): Squad/Props/squareButton/model000
[LOG 14:03:01.110] Load(Texture): Squad/Props/standingSwitch/model000
[LOG 14:03:01.111] Load(Texture): Squad/Props/standingSwitch/model001
[LOG 14:03:01.112] Load(Texture): Squad/Props/switch/model000
[LOG 14:03:01.114] Load(Texture): Squad/Props/switchGuard/model000
[LOG 14:03:01.115] Load(Texture): Squad/Props/switchWithGuards/model000
[LOG 14:03:01.116] Load(Texture): Squad/Props/switchWithGuards/model001
[LOG 14:03:01.117] Load(Texture): Squad/Props/switchWithGuards/model002
[LOG 14:03:01.118] Load(Texture): Squad/Props/throttle/model000
[LOG 14:03:01.119] Load(Texture): Squad/Props/throttle/model001
[LOG 14:03:01.126] Load(Texture): Squad/Props/VSI/model000
[LOG 14:03:01.127] Load(Texture): Squad/Spaces/crewCabinInternals/model000
[LOG 14:03:01.128] Load(Texture): Squad/Spaces/crewCabinInternals/model001
[LOG 14:03:01.135] Load(Texture): Squad/Spaces/crewCabinInternals/model002
[LOG 14:03:01.136] Load(Texture): Squad/Spaces/crewCabinInternals/model003
[LOG 14:03:01.139] Load(Texture): Squad/Spaces/crewCabinInternals/model004
[LOG 14:03:01.140] Load(Texture): Squad/Spaces/crewCabinInternals/model005
[LOG 14:03:01.142] Load(Texture): Squad/Spaces/cupolaInternal/ksp_l_cupola_internal_diff
[LOG 14:03:01.160] Load(Texture): Squad/Spaces/cupolaInternal/ksp_l_cupola_internal_normal
[LOG 14:03:01.177] Load(Texture): Squad/Spaces/cupolaInternal/ksp_l_cupola_internal_windows_alpha
[LOG 14:03:01.180] Load(Texture): Squad/Spaces/cupolaInternal/pilot Seat
[LOG 14:03:01.183] Load(Texture): Squad/Spaces/GenericSpace1/model000
[LOG 14:03:01.186] Load(Texture): Squad/Spaces/GenericSpace1/model001
[LOG 14:03:01.189] Load(Texture): Squad/Spaces/GenericSpace1/model002
[LOG 14:03:01.192] Load(Texture): Squad/Spaces/GenericSpace1/model003
[LOG 14:03:01.195] Load(Texture): Squad/Spaces/GenericSpace1/model004
[LOG 14:03:01.199] Load(Texture): Squad/Spaces/GenericSpace1/model005
[LOG 14:03:01.202] Load(Texture): Squad/Spaces/GenericSpace3/model000
[LOG 14:03:01.206] Load(Texture): Squad/Spaces/GenericSpace3/model001
[LOG 14:03:01.207] Load(Texture): Squad/Spaces/GenericSpace3/model002
[LOG 14:03:01.210] Load(Texture): Squad/Spaces/GenericSpace3/model003
[LOG 14:03:01.213] Load(Texture): Squad/Spaces/GenericSpace3/model004
[LOG 14:03:01.220] Load(Texture): Squad/Spaces/GenericSpace3/model005
[LOG 14:03:01.223] Load(Texture): Squad/Spaces/GenericSpace3/model006
[LOG 14:03:01.225] Load(Texture): Squad/Spaces/GenericSpace3/model007
[LOG 14:03:01.228] Load(Texture): Squad/Spaces/landerCabinInternals/model000
[LOG 14:03:01.231] Load(Texture): Squad/Spaces/landerCabinInternals/model001
[LOG 14:03:01.235] Load(Texture): Squad/Spaces/landerCabinInternals/model002
[LOG 14:03:01.238] Load(Texture): Squad/Spaces/landerCabinInternals/model003
[LOG 14:03:01.244] Load(Texture): Squad/Spaces/landerCabinInternals/model004
[LOG 14:03:01.247] Load(Texture): Squad/Spaces/landerCabinInternals/model005
[LOG 14:03:01.248] Load(Texture): Squad/Spaces/landerCabinInternals/model006
[LOG 14:03:01.251] Load(Texture): Squad/Spaces/landerCabinInternals/model007
[LOG 14:03:01.252] Load(Texture): Squad/Spaces/landerCabinSmallInternal/ksp_s_landerCan_internal_diff
[LOG 14:03:01.267] Load(Texture): Squad/Spaces/landerCabinSmallInternal/ksp_s_landerCan_internal_normal
[LOG 14:03:01.282] Load(Texture): Squad/Spaces/landerCabinSmallInternal/ksp_s_landerCan_internal_window_alpha
[LOG 14:03:01.285] Load(Texture): Squad/Spaces/landerCabinSmallInternal/pilot Seat
[LOG 14:03:01.288] Load(Texture): Squad/Spaces/LargeCrewedLabInternals/Glass
[LOG 14:03:01.312] Load(Texture): Squad/Spaces/LargeCrewedLabInternals/MPL_Int
[LOG 14:03:01.740] Load(Texture): Squad/Spaces/LargeCrewedLabInternals/MPL_Int_n_NRM
[LOG 14:03:01.787] Load(Texture): Squad/Spaces/mk1CockpitInternal/model000
[LOG 14:03:01.790] Load(Texture): Squad/Spaces/mk1CockpitInternal/model001
[LOG 14:03:01.793] Load(Texture): Squad/Spaces/mk1CockpitInternal/model002
[LOG 14:03:01.796] Load(Texture): Squad/Spaces/mk1CockpitInternal/model003
[LOG 14:03:01.804] Load(Texture): Squad/Spaces/mk1CockpitInternal/model004
[LOG 14:03:01.807] Load(Texture): Squad/Spaces/mk1CockpitInternal/model005
[LOG 14:03:01.810] Load(Texture): Squad/Spaces/mk1CockpitInternal/model006
[LOG 14:03:01.813] Load(Texture): Squad/Spaces/mk1CockpitInternal/model007
[LOG 14:03:01.816] Load(Texture): Squad/Spaces/mk1CockpitInternal/model008
[LOG 14:03:01.819] Load(Texture): Squad/Spaces/mk1CockpitInternal/model009
[LOG 14:03:01.823] Load(Texture): Squad/Spaces/mk1PodCockpit/model000
[LOG 14:03:01.826] Load(Texture): Squad/Spaces/mk1PodCockpit/model001
[LOG 14:03:01.829] Load(Texture): Squad/Spaces/mk1PodCockpit/model002
[LOG 14:03:01.832] Load(Texture): Squad/Spaces/mk1PodCockpit/model003
[LOG 14:03:01.835] Load(Texture): Squad/Spaces/mk1PodCockpit/model004
[LOG 14:03:01.842] Load(Texture): Squad/Spaces/mk1PodCockpit/model005
[LOG 14:03:01.843] Load(Texture): Squad/Spaces/mk1PodCockpit/model006
[LOG 14:03:01.846] Load(Texture): Squad/Spaces/mk1PodCockpit/model007
[LOG 14:03:01.847] Load(Texture): Squad/Spaces/MK1_Inline_Int/clutter
[LOG 14:03:01.872] Load(Texture): Squad/Spaces/MK1_Inline_Int/Consoles
[LOG 14:03:01.956] Load(Texture): Squad/Spaces/MK1_Inline_Int/footwell
[LOG 14:03:01.971] Load(Texture): Squad/Spaces/MK1_Inline_Int/MK1_Inline_Int
[LOG 14:03:02.042] Load(Texture): Squad/Spaces/MK1_Inline_Int/Pilotseat
[LOG 14:03:02.071] Load(Texture): Squad/Spaces/mk2CockpitStandardInternal/CargoBagA
[LOG 14:03:02.072] Load(Texture): Squad/Spaces/mk2CockpitStandardInternal/Mk2StandardIVA
[LOG 14:03:02.075] Load(Texture): Squad/Spaces/mk2CockpitStandardInternal/Pilotseat
[LOG 14:03:02.076] Load(Texture): Squad/Spaces/mk2CockpitStandardInternal/Windows
[LOG 14:03:02.077] Load(Texture): Squad/Spaces/Mk2CrewCabinInternal/CargoBagA
[LOG 14:03:02.078] Load(Texture): Squad/Spaces/Mk2CrewCabinInternal/Glass
[LOG 14:03:02.080] Load(Texture): Squad/Spaces/Mk2CrewCabinInternal/Mk2StandardIVA
[LOG 14:03:02.082] Load(Texture): Squad/Spaces/Mk2CrewCabinInternal/Pilotseat
[LOG 14:03:02.083] Load(Texture): Squad/Spaces/MK3CockpitInternal/CargoBagA
[LOG 14:03:02.084] Load(Texture): Squad/Spaces/MK3CockpitInternal/Glass
[LOG 14:03:02.086] Load(Texture): Squad/Spaces/MK3CockpitInternal/Mk2StandardIVA
[LOG 14:03:02.088] Load(Texture): Squad/Spaces/MK3CockpitInternal/Pilotseat
[LOG 14:03:02.089] Load(Texture): Squad/Spaces/MK3_CrewCab_Int/Glass
[LOG 14:03:02.090] Load(Texture): Squad/Spaces/MK3_CrewCab_Int/GlassMK3CC
[LOG 14:03:02.091] Load(Texture): Squad/Spaces/MK3_CrewCab_Int/Mk2StandardIVA
[LOG 14:03:02.093] Load(Texture): Squad/Spaces/MK3_CrewCab_Int/MK3_CrewCab_Int
[LOG 14:03:02.096] Load(Texture): Squad/Spaces/MK3_CrewCab_Int/MK3_CrewCab_Int_n
[LOG 14:03:02.098] Load(Texture): Squad/Spaces/MK3_CrewCab_Int/Pilotseat
[LOG 14:03:02.099] Load(Texture): Squad/Spaces/Placeholder/PlaceholderIVA
[LOG 14:03:02.100] Load(Texture): Squad/Spaces/PodCockpit/model000
[LOG 14:03:02.103] Load(Texture): Squad/Spaces/PodCockpit/model001
[LOG 14:03:02.105] Load(Texture): Squad/Spaces/PodCockpit/model002
[LOG 14:03:02.108] Load(Texture): Squad/Spaces/PodCockpit/model003
[LOG 14:03:02.111] Load(Texture): Squad/Spaces/PodCockpit/model004
[LOG 14:03:02.114] Load(Texture): Squad/Spaces/PodCockpit/model005
[LOG 14:03:02.121] Load(Texture): Squad/Spaces/PodCockpit/model006
[LOG 14:03:02.123] Load(Texture): Squad/Spaces/PodCockpit/model007
[LOG 14:03:02.126] Load(Texture): Squad/Strategies/Icons/AggressiveNegotiations
[LOG 14:03:02.128] Load(Texture): Squad/Strategies/Icons/AppreciationCampaign
[LOG 14:03:02.130] Load(Texture): Squad/Strategies/Icons/BailOutGrant
[LOG 14:03:02.132] Load(Texture): Squad/Strategies/Icons/FundraisingCampaign
[LOG 14:03:02.134] Load(Texture): Squad/Strategies/Icons/OpenSourceTechProgram
[LOG 14:03:02.136] Load(Texture): Squad/Strategies/Icons/OutsourcedResearch
[LOG 14:03:02.138] Load(Texture): Squad/Strategies/Icons/PatentsLicensing
[LOG 14:03:02.140] Load(Texture): Squad/Strategies/Icons/RecoveryTransponderFitting
[LOG 14:03:02.143] Load(Texture): Squad/Strategies/Icons/ResearchRightsSellOut
[LOG 14:03:02.145] Load(Texture): Squad/Strategies/Icons/UnpaidResearchProgram
[LOG 14:03:02.147] Load(Model): Squad/FX/exhaustFlames_blue
[LOG 14:03:02.156] Load(Model): Squad/FX/ks1_Exhaust
[LOG 14:03:02.157] Load(Model): Squad/FX/ks25_Exhaust
[LOG 14:03:02.159] Load(Model): Squad/FX/ksX_Exhaust
[LOG 14:03:02.160] Load(Model): Squad/FX/LES_Thruster
[LOG 14:03:02.161] Load(Model): Squad/FX/shockExhaust_blue
[LOG 14:03:02.162] Load(Model): Squad/FX/shockExhaust_blue_small
[LOG 14:03:02.163] Load(Model): Squad/FX/shockExhaust_red_small
[LOG 14:03:02.165] Load(Model): Squad/FX/SRB_Large
[LOG 14:03:02.166] Load(Model): Squad/FX/SRB_LargeSparks
[LOG 14:03:02.167] Load(Model): Squad/Parts/1x6SolarPanels/model
[LOG 14:03:02.173] Load(Model): Squad/Parts/fuelLine/model
[LOG 14:03:02.175] Load(Model): Squad/Parts/fuelTankT100/model
[LOG 14:03:02.178] Load(Model): Squad/Parts/liquidEngine24-77/model
[LOG 14:03:02.180] Load(Model): Squad/Parts/liquidEngineLV-1/model
[LOG 14:03:02.181] Load(Model): Squad/Parts/liquidEngineMainsail/model
[LOG 14:03:02.186] Load(Model): Squad/Parts/liquidEngineMk55/model
[LOG 14:03:02.188] Load(Model): Squad/Parts/liquidEnginePoodle/model
[LOG 14:03:02.193] Load(Model): Squad/Parts/liquidEngineSkipper/model
[LOG 14:03:02.198] Load(Model): Squad/Parts/mk1Parts/mk1Fuselage
[LOG 14:03:02.202] Load(Model): Squad/Parts/mk1Parts/mk1FuselageIntake
[LOG 14:03:02.205] Load(Model): Squad/Parts/mk1Parts/mk1Structural
[LOG 14:03:02.209] Load(Model): Squad/Parts/mk1pod/model
[LOG 14:03:02.212] Load(Model): Squad/Parts/RCSFuelTankR1/model
[LOG 14:03:02.215] Load(Model): Squad/Parts/Size2LFB/Size2LFB
[LOG 14:03:02.221] Load(Model): Squad/Parts/strutConnector/model
[LOG 14:03:02.223] Load(Model): Squad/Parts/strutCubicOcto/model
[LOG 14:03:02.224] Load(Model): Squad/Parts/strutOcto/model
[LOG 14:03:02.226] Load(Model): Squad/Parts/z-400Battery/model
[LOG 14:03:02.228] Load(Model): Squad/Props/AltimeterThreeHands/model
[LOG 14:03:02.230] Load(Model): Squad/Props/AtmosphereDepth/model
[LOG 14:03:02.231] Load(Model): Squad/Props/AxisIndicator/model
[LOG 14:03:02.233] Load(Model): Squad/Props/ButtonSquare/model
[LOG 14:03:02.234] Load(Model): Squad/Props/circularButton/model
[LOG 14:03:02.235] Load(Model): Squad/Props/Compass/model
[LOG 14:03:02.237] Load(Model): Squad/Props/directionalKnob/model
[LOG 14:03:02.239] Load(Model): Squad/Props/directionalKnob2/model
[LOG 14:03:02.240] Load(Model): Squad/Props/IndicatorPanel/model
[LOG 14:03:02.243] Load(Model): Squad/Props/IVANavBall/model
[LOG 14:03:02.246] Load(Model): Squad/Props/ledPanelSpeed/model
[LOG 14:03:02.249] Load(Model): Squad/Props/NavBall/model
[LOG 14:03:02.252] Load(Model): Squad/Props/pullSwitch/model
[LOG 14:03:02.254] Load(Model): Squad/Props/radarAltitude/model
[LOG 14:03:02.255] Load(Model): Squad/Props/squareButton/model
[LOG 14:03:02.257] Load(Model): Squad/Props/standingSwitch/model
[LOG 14:03:02.258] Load(Model): Squad/Props/switch/model
[LOG 14:03:02.259] Load(Model): Squad/Props/switchGuard/model
[LOG 14:03:02.260] Load(Model): Squad/Props/switchWithGuards/model
[LOG 14:03:02.263] Load(Model): Squad/Props/throttle/model
[LOG 14:03:02.265] Load(Model): Squad/Props/VSI/model
[LOG 14:03:02.266] Load(Model): Squad/Spaces/crewCabinInternals/model
[LOG 14:03:02.281] Load(Model): Squad/Spaces/cupolaInternal/model
[LOG 14:03:02.289] Load(Model): Squad/Spaces/GenericSpace1/model
[LOG 14:03:02.302] Load(Model): Squad/Spaces/GenericSpace3/model
[LOG 14:03:02.318] Load(Model): Squad/Spaces/landerCabinInternals/model
[LOG 14:03:02.329] Load(Model): Squad/Spaces/landerCabinSmallInternal/model
[LOG 14:03:02.336] Load(Model): Squad/Spaces/LargeCrewedLabInternals/Large_Crewed_lab_Int
[LOG 14:03:02.355] Load(Model): Squad/Spaces/mk1CockpitInternal/model
[LOG 14:03:02.362] Load(Model): Squad/Spaces/mk1PodCockpit/model
[LOG 14:03:02.372] Load(Model): Squad/Spaces/MK1_Inline_Int/MK1_Inline_Int
[LOG 14:03:02.387] Load(Model): Squad/Spaces/mk2CockpitStandardInternal/model
[LOG 14:03:02.397] Load(Model): Squad/Spaces/Mk2CrewCabinInternal/MK2_CrewCab_Int
[LOG 14:03:02.413] Load(Model): Squad/Spaces/MK3CockpitInternal/MK3_Cockpit_Int
[LOG 14:03:02.442] Load(Model): Squad/Spaces/MK3_CrewCab_Int/MK3_CrewCab_Int
[LOG 14:03:02.486] Load(Model): Squad/Spaces/Placeholder/PlaceholderIVA
[LOG 14:03:02.489] Load(Model): Squad/Spaces/PodCockpit/model
[LOG 14:03:02.511] Config(Select) Kerbaltek/HyperEdit/windowpos/Select
[LOG 14:03:02.512] Config(Orbit_Editor) Kerbaltek/HyperEdit/windowpos/Orbit_Editor
[LOG 14:03:02.513] Config(HyperEdit) Kerbaltek/HyperEdit/windowpos/HyperEdit
[LOG 14:03:02.513] Config(AGENT) Squad/Agencies/Agents/C7 Aerospace Division
[LOG 14:03:02.514] Config(AGENT) Squad/Agencies/Agents/Dinkelstein Kerman's Construction Emporium
[LOG 14:03:02.515] Config(AGENT) Squad/Agencies/Agents/Experimental Engineering Group
[LOG 14:03:02.515] Config(AGENT) Squad/Agencies/Agents/FLOOYD Dynamics Research Labs
[LOG 14:03:02.516] Config(AGENT) Squad/Agencies/Agents/Goliath National Products
[LOG 14:03:02.516] Config(AGENT) Squad/Agencies/Agents/Integrated Integrals
[LOG 14:03:02.517] Config(AGENT) Squad/Agencies/Agents/Ionic Symphonic Protonic Electronics
[LOG 14:03:02.518] Config(AGENT) Squad/Agencies/Agents/Jebediah Kerman's Junkyard and Spacecraft Parts Co
[LOG 14:03:02.518] Config(AGENT) Squad/Agencies/Agents/Kerbal Motion LLC
[LOG 14:03:02.519] Config(AGENT) Squad/Agencies/Agents/Kerbin World-Firsts Record-Keeping Society
[LOG 14:03:02.520] Config(AGENT) Squad/Agencies/Agents/Kerbodyne
[LOG 14:03:02.520] Config(AGENT) Squad/Agencies/Agents/Kerlington Model Rockets and Paper Products Inc
[LOG 14:03:02.521] Config(AGENT) Squad/Agencies/Agents/Maxo Construction Toys
[LOG 14:03:02.521] Config(AGENT) Squad/Agencies/Agents/Moving Parts Experts Group
[LOG 14:03:02.522] Config(AGENT) Squad/Agencies/Agents/O.M.B. Demolition Enterprises
[LOG 14:03:02.522] Config(AGENT) Squad/Agencies/Agents/Periapsis Rocket Supplies Co
[LOG 14:03:02.523] Config(AGENT) Squad/Agencies/Agents/Probodobodyne Inc
[LOG 14:03:02.524] Config(AGENT) Squad/Agencies/Agents/Research & Development Department
[LOG 14:03:02.524] Config(AGENT) Squad/Agencies/Agents/Reaction Systems Ltd
[LOG 14:03:02.525] Config(AGENT) Squad/Agencies/Agents/Rockomax Conglomerate
[LOG 14:03:02.526] Config(AGENT) Squad/Agencies/Agents/Rokea Inc
[LOG 14:03:02.526] Config(AGENT) Squad/Agencies/Agents/Sean's Cannery
[LOG 14:03:02.527] Config(AGENT) Squad/Agencies/Agents/STEADLER Engineering Corps
[LOG 14:03:02.527] Config(AGENT) Squad/Agencies/Agents/StrutCo
[LOG 14:03:02.528] Config(AGENT) Squad/Agencies/Agents/Vac-Co Advanced Suction Systems
[LOG 14:03:02.528] Config(AGENT) Squad/Agencies/Agents/WinterOwl Aircraft Emporium
[LOG 14:03:02.529] Config(AGENT) Squad/Agencies/Agents/Zaltonic Electronics
[LOG 14:03:02.530] Config(Contracts) Squad/Contracts/Contracts/Contracts
[LOG 14:03:02.530] Config(EXPERIENCE_TRAIT) Squad/Experience/Traits/Pilot
[LOG 14:03:02.531] Config(EXPERIENCE_TRAIT) Squad/Experience/Traits/Engineer
[LOG 14:03:02.531] Config(EXPERIENCE_TRAIT) Squad/Experience/Traits/Scientist
[LOG 14:03:02.532] Config(EXPERIENCE_TRAIT) Squad/Experience/Traits/Tourist
[LOG 14:03:02.532] Config(PART) Squad/Parts/1x6SolarPanels/1x6SolarPanels/solarPanels4
[LOG 14:03:02.533] Config(PART) Squad/Parts/fuelLine/fuelLine/fuelLine
[LOG 14:03:02.534] Config(PART) Squad/Parts/fuelTankT100/fuelTankT100/fuelTankSmallFlat
[LOG 14:03:02.534] Config(PART) Squad/Parts/liquidEngine24-77/liquidEngine24-77/smallRadialEngine
[LOG 14:03:02.535] Config(PART) Squad/Parts/liquidEngineLV-1/liquidEngineLV-1/microEngine
[LOG 14:03:02.536] Config(PART) Squad/Parts/liquidEngineMainsail/liquidEngineMainsail/liquidEngine1-2
[LOG 14:03:02.536] Config(PART) Squad/Parts/liquidEngineMk55/liquidEngineMk55/radialLiquidEngine1-2
[LOG 14:03:02.537] Config(PART) Squad/Parts/liquidEnginePoodle/liquidEnginePoodle/liquidEngine2-2
[LOG 14:03:02.538] Config(PART) Squad/Parts/liquidEngineSkipper/skipperLiquidEngine/engineLargeSkipper
[LOG 14:03:02.538] Config(PART) Squad/Parts/mk1Parts/mk1Fuselage/MK1Fuselage
[LOG 14:03:02.539] Config(PART) Squad/Parts/mk1Parts/mk1FuselageIntake/MK1IntakeFuselage
[LOG 14:03:02.539] Config(PART) Squad/Parts/mk1Parts/mk1Structural/Mk1FuselageStructural
[LOG 14:03:02.540] Config(PART) Squad/Parts/mk1pod/mk1Pod/mk1pod
[LOG 14:03:02.541] Config(PART) Squad/Parts/RCSFuelTankR1/RCSFuelTankR1/RCSTank1-2
[LOG 14:03:02.541] Config(PART) Squad/Parts/Size2LFB/part/Size2LFB
[LOG 14:03:02.542] Config(PART) Squad/Parts/strutConnector/strutConnector/strutConnector
[LOG 14:03:02.542] Config(PART) Squad/Parts/strutCubicOcto/strutCubicOcto/strutCube
[LOG 14:03:02.543] Config(PART) Squad/Parts/strutOcto/strutOcto/strutOcto
[LOG 14:03:02.544] Config(PART) Squad/Parts/z-400Battery/z-400Battery/ksp_r_largeBatteryPack
[LOG 14:03:02.544] Config(PROP) Squad/Props/AltimeterThreeHands/prop/AltimeterThreeHands
[LOG 14:03:02.545] Config(PROP) Squad/Props/AtmosphereDepth/prop/AtmosphereDepth
[LOG 14:03:02.546] Config(PROP) Squad/Props/AxisIndicator/pitchConfig/AxisIndicatorPitch
[LOG 14:03:02.546] Config(PROP) Squad/Props/AxisIndicator/rollConfig/AxisIndicatorRoll
[LOG 14:03:02.547] Config(PROP) Squad/Props/AxisIndicator/yawConfig/AxisIndicatorYaw
[LOG 14:03:02.547] Config(PROP) Squad/Props/ButtonSquare/prop/ButtonSquare
[LOG 14:03:02.548] Config(PROP) Squad/Props/circularButton/prop/circularButton
[LOG 14:03:02.549] Config(PROP) Squad/Props/Compass/prop/Compass
[LOG 14:03:02.549] Config(PROP) Squad/Props/directionalKnob/prop/directionalKnob
[LOG 14:03:02.550] Config(PROP) Squad/Props/directionalKnob2/prop/directionalKnob2
[LOG 14:03:02.550] Config(PROP) Squad/Props/IndicatorPanel/prop/IndicatorPanel
[LOG 14:03:02.551] Config(PROP) Squad/Props/IVANavBall/prop/NavBall
[LOG 14:03:02.551] Config(PROP) Squad/Props/ledPanelSpeed/prop/ledPanelSpeed
[LOG 14:03:02.552] Config(PROP) Squad/Props/NavBall/prop/NavBall
[LOG 14:03:02.553] Config(PROP) Squad/Props/pullSwitch/prop/pullSwitch
[LOG 14:03:02.553] Config(PROP) Squad/Props/radarAltitude/prop/RadarAltimeter
[LOG 14:03:02.554] Config(PROP) Squad/Props/squareButton/prop/squareButton
[LOG 14:03:02.554] Config(PROP) Squad/Props/standingSwitch/prop/standingSwitch
[LOG 14:03:02.555] Config(PROP) Squad/Props/switch/prop/switch
[LOG 14:03:02.556] Config(PROP) Squad/Props/switchGuard/prop/switchGuard
[LOG 14:03:02.556] Config(PROP) Squad/Props/switchWithGuards/prop/switchWithGuards
[LOG 14:03:02.557] Config(PROP) Squad/Props/throttle/prop/throttle
[LOG 14:03:02.557] Config(PROP) Squad/Props/VSI/prop/VSI
[LOG 14:03:02.558] Config(GLOBAL_RESOURCE) Squad/Resources/Ore/GLOBAL_RESOURCE
[LOG 14:03:02.558] Config(PLANETARY_RESOURCE) Squad/Resources/Ore/PLANETARY_RESOURCE
[LOG 14:03:02.559] Config(PLANETARY_RESOURCE) Squad/Resources/Ore/PLANETARY_RESOURCE
[LOG 14:03:02.560] Config(BIOME_RESOURCE) Squad/Resources/Ore/BIOME_RESOURCE
[LOG 14:03:02.560] Config(BIOME_RESOURCE) Squad/Resources/Ore/BIOME_RESOURCE
[LOG 14:03:02.561] Config(BIOME_RESOURCE) Squad/Resources/Ore/BIOME_RESOURCE
[LOG 14:03:02.561] Config(BIOME_RESOURCE) Squad/Resources/Ore/BIOME_RESOURCE
[LOG 14:03:02.562] Config(RESOURCE_OVERLAY_CONFIGURATION_SOLID) Squad/Resources/Overlay/RESOURCE_OVERLAY_CONFIGURATION_SOLID
[LOG 14:03:02.563] Config(RESOURCE_OVERLAY_CONFIGURATION_LINES) Squad/Resources/Overlay/RESOURCE_OVERLAY_CONFIGURATION_LINES
[LOG 14:03:02.563] Config(RESOURCE_OVERLAY_CONFIGURATION_DOTS) Squad/Resources/Overlay/RESOURCE_OVERLAY_CONFIGURATION_DOTS
[LOG 14:03:02.564] Config(RESOURCE_CONFIGURATION) Squad/Resources/ResourceDefaults/RESOURCE_CONFIGURATION
[LOG 14:03:02.565] Config(RESOURCE_DEFINITION) Squad/Resources/ResourcesGeneric/LiquidFuel
[LOG 14:03:02.565] Config(RESOURCE_DEFINITION) Squad/Resources/ResourcesGeneric/Oxidizer
[LOG 14:03:02.566] Config(RESOURCE_DEFINITION) Squad/Resources/ResourcesGeneric/SolidFuel
[LOG 14:03:02.567] Config(RESOURCE_DEFINITION) Squad/Resources/ResourcesGeneric/MonoPropellant
[LOG 14:03:02.567] Config(RESOURCE_DEFINITION) Squad/Resources/ResourcesGeneric/XenonGas
[LOG 14:03:02.568] Config(RESOURCE_DEFINITION) Squad/Resources/ResourcesGeneric/ElectricCharge
[LOG 14:03:02.569] Config(RESOURCE_DEFINITION) Squad/Resources/ResourcesGeneric/IntakeAir
[LOG 14:03:02.569] Config(RESOURCE_DEFINITION) Squad/Resources/ResourcesGeneric/EVA Propellant
[LOG 14:03:02.570] Config(RESOURCE_DEFINITION) Squad/Resources/ResourcesGeneric/Ore
[LOG 14:03:02.570] Config(RESOURCE_DEFINITION) Squad/Resources/ResourcesGeneric/Ablator
[LOG 14:03:02.571] Config(EXPERIMENT_DEFINITION) Squad/Resources/ScienceDefs/EXPERIMENT_DEFINITION
[LOG 14:03:02.572] Config(EXPERIMENT_DEFINITION) Squad/Resources/ScienceDefs/EXPERIMENT_DEFINITION
[LOG 14:03:02.572] Config(EXPERIMENT_DEFINITION) Squad/Resources/ScienceDefs/EXPERIMENT_DEFINITION
[LOG 14:03:02.573] Config(EXPERIMENT_DEFINITION) Squad/Resources/ScienceDefs/EXPERIMENT_DEFINITION
[LOG 14:03:02.574] Config(EXPERIMENT_DEFINITION) Squad/Resources/ScienceDefs/EXPERIMENT_DEFINITION
[LOG 14:03:02.574] Config(EXPERIMENT_DEFINITION) Squad/Resources/ScienceDefs/EXPERIMENT_DEFINITION
[LOG 14:03:02.575] Config(EXPERIMENT_DEFINITION) Squad/Resources/ScienceDefs/EXPERIMENT_DEFINITION
[LOG 14:03:02.576] Config(EXPERIMENT_DEFINITION) Squad/Resources/ScienceDefs/EXPERIMENT_DEFINITION
[LOG 14:03:02.576] Config(EXPERIMENT_DEFINITION) Squad/Resources/ScienceDefs/EXPERIMENT_DEFINITION
[LOG 14:03:02.577] Config(EXPERIMENT_DEFINITION) Squad/Resources/ScienceDefs/EXPERIMENT_DEFINITION
[LOG 14:03:02.578] Config(EXPERIMENT_DEFINITION) Squad/Resources/ScienceDefs/EXPERIMENT_DEFINITION
[LOG 14:03:02.578] Config(STORY_DEF) Squad/Resources/StoryDefs/STORY_DEF
[LOG 14:03:02.579] Config(TechTree) Squad/Resources/TechTree/TechTree
[LOG 14:03:02.579] Config(INTERNAL) Squad/Spaces/crewCabinInternals/internal/crewCabinInternals
[LOG 14:03:02.580] Config(INTERNAL) Squad/Spaces/cupolaInternal/internal/cupolaInternal
[LOG 14:03:02.581] Config(INTERNAL) Squad/Spaces/GenericSpace1/internal/GenericSpace1
[LOG 14:03:02.581] Config(INTERNAL) Squad/Spaces/GenericSpace3/internal/GenericSpace3
[LOG 14:03:02.582] Config(INTERNAL) Squad/Spaces/landerCabinInternals/internal/landerCabinInternals
[LOG 14:03:02.583] Config(INTERNAL) Squad/Spaces/landerCabinSmallInternal/internal/landerCabinSmallInternal
[LOG 14:03:02.583] Config(INTERNAL) Squad/Spaces/LargeCrewedLabInternals/internal/Mobile_Processing_Lab_Int
[LOG 14:03:02.584] Config(INTERNAL) Squad/Spaces/mk1CockpitInternal/internal/mk1CockpitInternal
[LOG 14:03:02.585] Config(INTERNAL) Squad/Spaces/mk1PodCockpit/internal/mk1PodCockpit
[LOG 14:03:02.585] Config(INTERNAL) Squad/Spaces/MK1_Inline_Int/MK1_Inline_Int/MK1_Inline_Int
[LOG 14:03:02.586] Config(INTERNAL) Squad/Spaces/mk2CockpitStandardInternal/internal/mk2CockpitStandardInternals
[LOG 14:03:02.587] Config(INTERNAL) Squad/Spaces/Mk2CrewCabinInternal/internal_MK2_CrewCab/MK2_CrewCab_Int
[LOG 14:03:02.587] Config(INTERNAL) Squad/Spaces/MK3CockpitInternal/internal_MK3/MK3_Cockpit_Int
[LOG 14:03:02.588] Config(INTERNAL) Squad/Spaces/MK3_CrewCab_Int/internal_MK3_CrewCab/MK3_CrewCab_Int
[LOG 14:03:02.589] Config(INTERNAL) Squad/Spaces/Placeholder/internal/Placeholder
[LOG 14:03:02.590] Config(INTERNAL) Squad/Spaces/PodCockpit/internal/PodCockpit
[LOG 14:03:02.590] Config(STRATEGY_DEPARTMENT) Squad/Strategies/Departments/Finances
[LOG 14:03:02.591] Config(STRATEGY_DEPARTMENT) Squad/Strategies/Departments/Science
[LOG 14:03:02.591] Config(STRATEGY_DEPARTMENT) Squad/Strategies/Departments/Public Relations
[LOG 14:03:02.592] Config(STRATEGY_DEPARTMENT) Squad/Strategies/Departments/Operations
[LOG 14:03:02.593] Config(STRATEGY) Squad/Strategies/Strategies/AppreciationCampaignCfg
[LOG 14:03:02.593] Config(STRATEGY) Squad/Strategies/Strategies/FundraisingCampaignCfg
[LOG 14:03:02.594] Config(STRATEGY) Squad/Strategies/Strategies/OpenSourceTechProgramCfg
[LOG 14:03:02.595] Config(STRATEGY) Squad/Strategies/Strategies/UnpaidResearchProgramCfg
[LOG 14:03:02.595] Config(STRATEGY) Squad/Strategies/Strategies/OutsourcedResearchCfg
[LOG 14:03:02.596] Config(STRATEGY) Squad/Strategies/Strategies/PatentsLicensingCfg
[LOG 14:03:02.596] Config(STRATEGY) Squad/Strategies/Strategies/AgressiveNegotiations
[LOG 14:03:02.597] Config(STRATEGY) Squad/Strategies/Strategies/RecoveryTransponders
[LOG 14:03:02.598] Config(STRATEGY) Squad/Strategies/Strategies/BailoutGrant
[LOG 14:03:02.598] Config(STRATEGY) Squad/Strategies/Strategies/researchIPsellout
[LOG 14:03:02.602] Resource RESOURCE_DEFINITION added to database
[LOG 14:03:02.602] Resource RESOURCE_DEFINITION added to database
[LOG 14:03:02.603] Resource RESOURCE_DEFINITION added to database
[LOG 14:03:02.603] Resource RESOURCE_DEFINITION added to database
[LOG 14:03:02.604] Resource RESOURCE_DEFINITION added to database
[LOG 14:03:02.604] Resource RESOURCE_DEFINITION added to database
[LOG 14:03:02.605] Resource RESOURCE_DEFINITION added to database
[LOG 14:03:02.606] Resource RESOURCE_DEFINITION added to database
[LOG 14:03:02.606] Resource RESOURCE_DEFINITION added to database
[LOG 14:03:02.607] Resource RESOURCE_DEFINITION added to database
[LOG 14:03:02.609] GameDatabase: Assets loaded in 4.866s
[LOG 14:03:02.629] [ModuleManager] SHA generated in 0.017s
[LOG 14:03:02.629] [ModuleManager]       SHA = 20-68-45-AF-3A-01-EE-DE-CB-62-93-92-5A-CD-76-CF-75-EA-57-F2-59-6D-79-17-55-51-2A-6F-F8-A4-89-E4
[LOG 14:03:02.630] [ModuleManager] Cache SHA = 20-68-45-AF-3A-01-EE-DE-CB-62-93-92-5A-CD-76-CF-75-EA-57-F2-59-6D-79-17-55-51-2A-6F-F8-A4-89-E4
[LOG 14:03:02.631] [ModuleManager] useCache = True
[LOG 14:03:02.635] [ModuleManager] ModuleManager env info
Win32NT FFFFFFFFFFFFFFFF
Args: 
[LOG 14:03:02.639] [ModuleManager] compiling list of loaded mods...
Mod DLLs found:
  Assembly-CSharp v1.0.0.0
  ModuleManager.2.6.5 v2.6.5.0
  HyperEdit v0.0.0.0
  SwiftKSPRemote v1.0.0.0
  SKRApi v1.0.0.0
Non-DLL mods added (:FOR[xxx]):
Mods by directory (sub directories of GameData):
  Kerbaltek
  Squad

[LOG 14:03:02.642] [ModuleManager] Loading from Cache
[LOG 14:03:02.674] [ModuleManager] Parent null for /Physics
[LOG 14:03:02.681] [ModuleManager] Cache Loaded
[LOG 14:03:02.681] [ModuleManager] ModuleManager: 0 patches loaded from cache

[LOG 14:03:02.682] [ModuleManager] Reloading ressources definitions
[LOG 14:03:02.683] Resource RESOURCE_DEFINITION added to database
[LOG 14:03:02.683] Resource RESOURCE_DEFINITION added to database
[LOG 14:03:02.684] Resource RESOURCE_DEFINITION added to database
[LOG 14:03:02.684] Resource RESOURCE_DEFINITION added to database
[LOG 14:03:02.685] Resource RESOURCE_DEFINITION added to database
[LOG 14:03:02.686] Resource RESOURCE_DEFINITION added to database
[LOG 14:03:02.686] Resource RESOURCE_DEFINITION added to database
[LOG 14:03:02.687] Resource RESOURCE_DEFINITION added to database
[LOG 14:03:02.687] Resource RESOURCE_DEFINITION added to database
[LOG 14:03:02.688] Resource RESOURCE_DEFINITION added to database
[LOG 14:03:02.889] [ModuleManager] Ran in 0.279s
[LOG 14:03:02.891] PartLoader: Loading part database
[LOG 14:03:02.892] PartLoader: Compiling Part 'Squad/Parts/1x6SolarPanels/1x6SolarPanels/solarPanels4'
[LOG 14:03:02.908] EffectList: Created 11 effect types
[LOG 14:03:02.940] PartLoader: Compiling Part 'Squad/Parts/fuelLine/fuelLine/fuelLine'
[LOG 14:03:02.955] PartLoader: Compiling Part 'Squad/Parts/fuelTankT100/fuelTankT100/fuelTankSmallFlat'
[LOG 14:03:02.963] PartLoader: Compiling Part 'Squad/Parts/liquidEngine24-77/liquidEngine24-77/smallRadialEngine'
[LOG 14:03:02.987] PartLoader: Compiling Part 'Squad/Parts/liquidEngineLV-1/liquidEngineLV-1/microEngine'
[LOG 14:03:02.991] Added sound_rocket_mini to FXGroup running
[LOG 14:03:03.002] PartLoader: Compiling Part 'Squad/Parts/liquidEngineMainsail/liquidEngineMainsail/liquidEngine1-2'
[LOG 14:03:03.008] Added sound_rocket_hard to FXGroup running
[LOG 14:03:03.008] Added sound_explosion_low to FXGroup flameout
[LOG 14:03:03.028] PartLoader: Compiling Part 'Squad/Parts/liquidEngineMk55/liquidEngineMk55/radialLiquidEngine1-2'
[LOG 14:03:03.031] Added sound_rocket_hard to FXGroup running
[LOG 14:03:03.042] PartLoader: Compiling Part 'Squad/Parts/liquidEnginePoodle/liquidEnginePoodle/liquidEngine2-2'
[LOG 14:03:03.048] Added sound_rocket_hard to FXGroup running
[LOG 14:03:03.064] PartLoader: Compiling Part 'Squad/Parts/liquidEngineSkipper/skipperLiquidEngine/engineLargeSkipper'
[LOG 14:03:03.068] Added sound_rocket_hard to FXGroup running
[LOG 14:03:03.069] Added sound_explosion_low to FXGroup flameout
[LOG 14:03:03.084] PartLoader: Compiling Part 'Squad/Parts/mk1Parts/mk1Fuselage/MK1Fuselage'
[ERR 14:03:03.085] PartCompiler: Cannot clone model 'Squad/Parts/Structural/mk1Parts/mk1Fuselage' as model does not exist

[ERR 14:03:03.086] PartCompiler: Model was not compiled correctly

[ERR 14:03:03.086] PartCompiler: Cannot compile model

[ERR 14:03:03.087] PartCompiler: Cannot compile part

[LOG 14:03:03.087] PartLoader: Compiling Part 'Squad/Parts/mk1Parts/mk1FuselageIntake/MK1IntakeFuselage'
[ERR 14:03:03.088] PartCompiler: Cannot clone model 'Squad/Parts/Structural/mk1Parts/mk1FuselageIntake' as model does not exist

[ERR 14:03:03.089] PartCompiler: Model was not compiled correctly

[ERR 14:03:03.089] PartCompiler: Cannot compile model

[ERR 14:03:03.090] PartCompiler: Cannot compile part

[LOG 14:03:03.090] PartLoader: Compiling Part 'Squad/Parts/mk1Parts/mk1Structural/Mk1FuselageStructural'
[ERR 14:03:03.091] PartCompiler: Cannot clone model 'Squad/Parts/Structural/mk1Parts/mk1Structural' as model does not exist

[ERR 14:03:03.092] PartCompiler: Model was not compiled correctly

[ERR 14:03:03.093] PartCompiler: Cannot compile model

[ERR 14:03:03.093] PartCompiler: Cannot compile part

[LOG 14:03:03.094] PartLoader: Compiling Part 'Squad/Parts/mk1pod/mk1Pod/mk1pod'
[LOG 14:03:03.120] PartLoader: Compiling Part 'Squad/Parts/RCSFuelTankR1/RCSFuelTankR1/RCSTank1-2'
[LOG 14:03:03.128] PartLoader: Compiling Part 'Squad/Parts/Size2LFB/part/Size2LFB'
[LOG 14:03:03.168] PartLoader: Compiling Part 'Squad/Parts/strutConnector/strutConnector/strutConnector'
[LOG 14:03:03.178] PartLoader: Compiling Part 'Squad/Parts/strutCubicOcto/strutCubicOcto/strutCube'
[LOG 14:03:03.185] PartLoader: Compiling Part 'Squad/Parts/strutOcto/strutOcto/strutOcto'
[LOG 14:03:03.192] PartLoader: Compiling Part 'Squad/Parts/z-400Battery/z-400Battery/ksp_r_largeBatteryPack'
[LOG 14:03:03.199] PartLoader: Compiling Internal Space 'Squad/Props/AltimeterThreeHands/prop/AltimeterThreeHands'
[LOG 14:03:03.202] PartLoader: Compiling Internal Space 'Squad/Props/AtmosphereDepth/prop/AtmosphereDepth'
[LOG 14:03:03.204] PartLoader: Compiling Internal Space 'Squad/Props/AxisIndicator/pitchConfig/AxisIndicatorPitch'
[LOG 14:03:03.205] PartLoader: Compiling Internal Space 'Squad/Props/AxisIndicator/rollConfig/AxisIndicatorRoll'
[LOG 14:03:03.207] PartLoader: Compiling Internal Space 'Squad/Props/AxisIndicator/yawConfig/AxisIndicatorYaw'
[LOG 14:03:03.208] PartLoader: Compiling Internal Space 'Squad/Props/ButtonSquare/prop/ButtonSquare'
[LOG 14:03:03.211] PartLoader: Compiling Internal Space 'Squad/Props/circularButton/prop/circularButton'
[LOG 14:03:03.212] PartLoader: Compiling Internal Space 'Squad/Props/Compass/prop/Compass'
[LOG 14:03:03.214] PartLoader: Compiling Internal Space 'Squad/Props/directionalKnob/prop/directionalKnob'
[LOG 14:03:03.215] PartLoader: Compiling Internal Space 'Squad/Props/directionalKnob2/prop/directionalKnob2'
[LOG 14:03:03.216] PartLoader: Compiling Internal Space 'Squad/Props/IndicatorPanel/prop/IndicatorPanel'
[LOG 14:03:03.219] PartLoader: Compiling Internal Space 'Squad/Props/IVANavBall/prop/NavBall'
[LOG 14:03:03.222] PartLoader: Compiling Internal Space 'Squad/Props/ledPanelSpeed/prop/ledPanelSpeed'
[LOG 14:03:03.224] PartLoader: Compiling Internal Space 'Squad/Props/NavBall/prop/NavBall'
[LOG 14:03:03.226] PartLoader: Compiling Internal Space 'Squad/Props/pullSwitch/prop/pullSwitch'
[LOG 14:03:03.227] PartLoader: Compiling Internal Space 'Squad/Props/radarAltitude/prop/RadarAltimeter'
[LOG 14:03:03.229] PartLoader: Compiling Internal Space 'Squad/Props/squareButton/prop/squareButton'
[LOG 14:03:03.237] PartLoader: Compiling Internal Space 'Squad/Props/standingSwitch/prop/standingSwitch'
[LOG 14:03:03.238] PartLoader: Compiling Internal Space 'Squad/Props/switch/prop/switch'
[LOG 14:03:03.240] PartLoader: Compiling Internal Space 'Squad/Props/switchGuard/prop/switchGuard'
[LOG 14:03:03.241] PartLoader: Compiling Internal Space 'Squad/Props/switchWithGuards/prop/switchWithGuards'
[LOG 14:03:03.242] PartLoader: Compiling Internal Space 'Squad/Props/throttle/prop/throttle'
[LOG 14:03:03.244] PartLoader: Compiling Internal Space 'Squad/Props/VSI/prop/VSI'
[LOG 14:03:03.246] PartLoader: Compiling Internal Space 'Squad/Spaces/crewCabinInternals/internal/crewCabinInternals'
[LOG 14:03:03.254] PartLoader: Compiling Internal Space 'Squad/Spaces/cupolaInternal/internal/cupolaInternal'
[LOG 14:03:03.267] PartLoader: Compiling Internal Space 'Squad/Spaces/GenericSpace1/internal/GenericSpace1'
[LOG 14:03:03.269] PartLoader: Compiling Internal Space 'Squad/Spaces/GenericSpace3/internal/GenericSpace3'
[LOG 14:03:03.271] PartLoader: Compiling Internal Space 'Squad/Spaces/landerCabinInternals/internal/landerCabinInternals'
[LOG 14:03:03.275] PartLoader: Compiling Internal Space 'Squad/Spaces/landerCabinSmallInternal/internal/landerCabinSmallInternal'
[LOG 14:03:03.281] PartLoader: Compiling Internal Space 'Squad/Spaces/LargeCrewedLabInternals/internal/Mobile_Processing_Lab_Int'
[LOG 14:03:03.284] PartLoader: Compiling Internal Space 'Squad/Spaces/mk1CockpitInternal/internal/mk1CockpitInternal'
[LOG 14:03:03.288] PartLoader: Compiling Internal Space 'Squad/Spaces/mk1PodCockpit/internal/mk1PodCockpit'
[LOG 14:03:03.292] PartLoader: Compiling Internal Space 'Squad/Spaces/MK1_Inline_Int/MK1_Inline_Int/MK1_Inline_Int'
[LOG 14:03:03.300] PartLoader: Compiling Internal Space 'Squad/Spaces/mk2CockpitStandardInternal/internal/mk2CockpitStandardInternals'
[LOG 14:03:03.318] PartLoader: Compiling Internal Space 'Squad/Spaces/Mk2CrewCabinInternal/internal_MK2_CrewCab/MK2_CrewCab_Int'
[LOG 14:03:03.325] InternalSeat: Cannot find seatTransform of name 'Seat_UpLeft'
[LOG 14:03:03.326] InternalSeat: Cannot find portraitCamera of name 'Camera_UpLeft'
[LOG 14:03:03.327] InternalSeat: Cannot find seatTransform of name 'Seat_UpRight'
[LOG 14:03:03.328] InternalSeat: Cannot find portraitCamera of name 'Camera_UpRight'
[LOG 14:03:03.328] PartLoader: Compiling Internal Space 'Squad/Spaces/MK3CockpitInternal/internal_MK3/MK3_Cockpit_Int'
[LOG 14:03:03.337] InternalSeat: Cannot find seatTransform of name 'Seat_UpLeft'
[LOG 14:03:03.338] InternalSeat: Cannot find seatTransform of name 'Seat_UpRight'
[LOG 14:03:03.369] PartLoader: Compiling Internal Space 'Squad/Spaces/MK3_CrewCab_Int/internal_MK3_CrewCab/MK3_CrewCab_Int'
[LOG 14:03:03.372] InternalSeat: Cannot find portraitCamera of name 'Camera_Left003'
[LOG 14:03:03.379] PartLoader: Compiling Internal Space 'Squad/Spaces/Placeholder/internal/Placeholder'
[LOG 14:03:03.389] PartLoader: Compiling Internal Space 'Squad/Spaces/PodCockpit/internal/PodCockpit'
[LOG 14:03:03.400] Loading Systems: Elapsed time is 5.659378s
[LOG 14:03:03.754] [notes.dll] Saving Config...
[LOG 14:03:03.762] [notes.dll] Config Saved 
[LOG 14:03:04.194] AddonLoader: Instantiating addon 'Notes' from assembly 'SwiftKSPRemote'
[LOG 14:03:04.229] Parsing rect
[LOG 14:03:04.230] Parsing rect
[LOG 14:03:04.231] Parsing string
[LOG 14:03:04.231] Parsing string
[LOG 14:03:04.232] Parsing string
[LOG 14:03:04.232] Parsing int
[LOG 14:03:04.233] Parsing string
[LOG 14:03:04.233] Parsing bool
[LOG 14:03:04.234] Parsing bool
[LOG 14:03:04.234] Parsing int
[LOG 14:03:04.234] Parsing string
[LOG 14:03:04.235] notes.dll version: 1.0.0.0
[LOG 14:03:04.235] [notes.dll] Loading Config...
[LOG 14:03:04.238] Parsing rect
[LOG 14:03:04.238] Parsing rect
[LOG 14:03:04.239] Parsing string
[LOG 14:03:04.239] Parsing string
[LOG 14:03:04.240] Parsing string
[LOG 14:03:04.240] Parsing int
[LOG 14:03:04.240] Parsing string
[LOG 14:03:04.241] Parsing bool
[LOG 14:03:04.242] Parsing bool
[LOG 14:03:04.243] Parsing int
[LOG 14:03:04.243] Parsing string
[LOG 14:03:04.244] [notes.dll] Config Loaded Successfully
[LOG 14:03:04.286] 
[LOG 14:03:04.922] Agent: Found 18 agent mentality types
[LOG 14:03:04.924] AgentList: 27 agents parsed and loaded.
[LOG 14:03:05.332] [CelestialBody]: Kerbin's solar day length is 1d, 0h, 0m long. sidereal day length is 5h, 59m, 59s long
[WRN 14:03:05.346] HighlightingSystem : Framebuffer depth data is not available and can't be used to occlude highlighting. Highlighting occluders enabled.
[WRN 14:03:05.431] [HighLogic]: =========================== Scene Change : From LOADING to MAINMENU =====================
[LOG 14:03:05.651] [notes.dll] Saving Config...
[LOG 14:03:05.653] [notes.dll] Config Saved 
[LOG 14:03:05.767] AddonLoader: Instantiating addon 'HyperEditModule' from assembly 'HyperEdit'
[LOG 14:03:05.769] HyperEdit: Using "C:\ksp_dev\GameData\Kerbaltek\HyperEdit" as root config directory
[LOG 14:03:05.794] AddonLoader: Instantiating addon 'SwiftKSPRemoteModule' from assembly 'SwiftKSPRemote'
[LOG 14:03:05.796] SwiftKSPRemote: SKR Behaviour awake
[LOG 14:03:05.797] SwiftKSPRemote: Using "C:\ksp_dev\GameData\SwiftKSPRemote\SwiftKSPRemote" as root config directory
[LOG 14:03:05.798] AddonLoader: Instantiating addon 'Debug_AutoLoadPersistentSaveOnStartup' from assembly 'SwiftKSPRemote'
[LOG 14:03:05.799] AddonLoader: Instantiating addon 'Notes' from assembly 'SwiftKSPRemote'
[LOG 14:03:05.801] Parsing rect
[LOG 14:03:05.802] Parsing rect
[LOG 14:03:05.802] Parsing string
[LOG 14:03:05.803] Parsing string
[LOG 14:03:05.803] Parsing string
[LOG 14:03:05.803] Parsing int
[LOG 14:03:05.804] Parsing string
[LOG 14:03:05.804] Parsing bool
[LOG 14:03:05.805] Parsing bool
[LOG 14:03:05.806] Parsing int
[LOG 14:03:05.807] Parsing string
[LOG 14:03:05.807] notes.dll version: 1.0.0.0
[LOG 14:03:05.808] [notes.dll] Loading Config...
[LOG 14:03:05.810] Parsing rect
[LOG 14:03:05.811] Parsing rect
[LOG 14:03:05.812] Parsing string
[LOG 14:03:05.813] Parsing string
[LOG 14:03:05.813] Parsing string
[LOG 14:03:05.814] Parsing int
[LOG 14:03:05.815] Parsing string
[LOG 14:03:05.815] Parsing bool
[LOG 14:03:05.816] Parsing bool
[LOG 14:03:05.817] Parsing int
[LOG 14:03:05.818] Parsing string
[LOG 14:03:05.818] [notes.dll] Config Loaded Successfully
[LOG 14:03:05.820] AddonLoader: Instantiating addon 'SKRApiServiceModule' from assembly 'SKRApi'
[LOG 14:03:05.821] SKRApiServiceModule
[LOG 14:03:05.823] SKRApi.StartUp awake
[LOG 14:03:05.824] ServiceState Awake
[LOG 14:03:05.825] SwiftKSPRemote: Server wanting to AddService
[LOG 14:03:05.826] SwiftKSPRemote: Server wanting to AddService
[LOG 14:03:05.866] ExperienceSystem: Found 0 trait types
[LOG 14:03:05.867] ExperienceSystem: Found 9 effect types
[WRN 14:03:05.889] [HighLogic]: =========================== Scene Change : From MAINMENU to FLIGHT (Async) =====================
[EXC 14:03:05.896] NullReferenceException: Object reference not set to an instance of an object
	SKRApi.Proxy.RefreshData ()
[LOG 14:03:05.900] SwiftKSPRemote: AddService SwiftKSPRemoteApiService
[LOG 14:03:05.901] SwiftKSPRemote: AddService SKRApiService
[EXC 14:03:05.902] NullReferenceException: Object reference not set to an instance of an object
	SKRApi.Proxy.RefreshData ()
[LOG 14:03:06.051] [notes.dll] Saving Config...
[LOG 14:03:06.052] [notes.dll] Config Saved 
[LOG 14:03:06.161] AddonLoader: Instantiating addon 'Notes' from assembly 'SwiftKSPRemote'
[LOG 14:03:06.163] Parsing rect
[LOG 14:03:06.164] Parsing rect
[LOG 14:03:06.164] Parsing string
[LOG 14:03:06.165] Parsing string
[LOG 14:03:06.165] Parsing string
[LOG 14:03:06.166] Parsing int
[LOG 14:03:06.166] Parsing string
[LOG 14:03:06.167] Parsing bool
[LOG 14:03:06.167] Parsing bool
[LOG 14:03:06.167] Parsing int
[LOG 14:03:06.168] Parsing string
[LOG 14:03:06.168] notes.dll version: 1.0.0.0
[LOG 14:03:06.169] [notes.dll] Loading Config...
[LOG 14:03:06.170] Parsing rect
[LOG 14:03:06.171] Parsing rect
[LOG 14:03:06.171] Parsing string
[LOG 14:03:06.172] Parsing string
[LOG 14:03:06.172] Parsing string
[LOG 14:03:06.172] Parsing int
[LOG 14:03:06.173] Parsing string
[LOG 14:03:06.173] Parsing bool
[LOG 14:03:06.174] Parsing bool
[LOG 14:03:06.174] Parsing int
[LOG 14:03:06.175] Parsing string
[LOG 14:03:06.175] [notes.dll] Config Loaded Successfully
[EXC 14:03:06.305] NullReferenceException: Object reference not set to an instance of an object
	DebugToolbar+.MoveNext ()
[LOG 14:03:06.550] [notes.dll] Saving Config...
[LOG 14:03:06.551] [notes.dll] Config Saved 
[EXC 14:03:06.573] NullReferenceException: Object reference not set to an instance of an object
	ContractsApp.Awake ()
[WRN 14:03:06.693] ApplicationLauncher already exist, destroying this instance
[LOG 14:03:06.711] AddonLoader: Instantiating addon 'NavWaypoint' from assembly 'KSP'
[LOG 14:03:06.714] AddonLoader: Instantiating addon 'Notes' from assembly 'SwiftKSPRemote'
[LOG 14:03:06.715] Parsing rect
[LOG 14:03:06.716] Parsing rect
[LOG 14:03:06.716] Parsing string
[LOG 14:03:06.717] Parsing string
[LOG 14:03:06.717] Parsing string
[LOG 14:03:06.718] Parsing int
[LOG 14:03:06.718] Parsing string
[LOG 14:03:06.718] Parsing bool
[LOG 14:03:06.719] Parsing bool
[LOG 14:03:06.719] Parsing int
[LOG 14:03:06.720] Parsing string
[LOG 14:03:06.720] notes.dll version: 1.0.0.0
[LOG 14:03:06.721] [notes.dll] Loading Config...
[LOG 14:03:06.722] Parsing rect
[LOG 14:03:06.722] Parsing rect
[LOG 14:03:06.723] Parsing string
[LOG 14:03:06.723] Parsing string
[LOG 14:03:06.724] Parsing string
[LOG 14:03:06.724] Parsing int
[LOG 14:03:06.725] Parsing string
[LOG 14:03:06.725] Parsing bool
[LOG 14:03:06.725] Parsing bool
[LOG 14:03:06.726] Parsing int
[LOG 14:03:06.726] Parsing string
[LOG 14:03:06.727] [notes.dll] Config Loaded Successfully
[EXC 14:03:06.743] NullReferenceException: Object reference not set to an instance of an object
	FlightAutoSave.Start ()
[LOG 14:03:06.745] ------------------- initializing flight mode... ------------------
[LOG 14:03:06.758] Target vessel index: 0  vessel count: 1
[LOG 14:03:06.760] [FLIGHT GLOBALS]: Switching To Vessel testcraft ---------------------- 
[LOG 14:03:06.761] setting new dominant body: Kerbin
FlightGlobals.mainBody: Kerbin
[LOG 14:03:06.763] Reference Frame: Rotating
[WRN 14:03:06.778] HighlightingSystem : Multiple Highlighter components on a single GameObject is not allowed! Highlighter has been disabled on a GameObject with name 'model'.
[LOG 14:03:06.837] Camera Mode: AUTO
[LOG 14:03:06.847] stage manager resuming...
[LOG 14:03:07.895] all systems started
[EXC 14:03:07.918] NullReferenceException: Object reference not set to an instance of an object
	NavWaypoint.Start ()
[LOG 14:03:08.608] [ScenarioDestructibles]: Loading... 0 objects registered
[LOG 14:03:08.612] Loading Depletion Nodes
[LOG 14:03:08.613] DepNodeCount:  0
[LOG 14:03:08.614] Loading Biome Nodes
[LOG 14:03:08.615] BiomeNodeCount:  0
[LOG 14:03:08.616] Loading Planet Nodes
[LOG 14:03:08.616] PlanetNodeCount:  0
[LOG 14:03:08.623] [AsteroidSpawner]: No new objects this time. (Odds are 1:2)
[LOG 14:03:10.490] [PlanetariumCamera]: Focus: testcraft
[WRN 14:03:10.540] [CurrencyWidgetsApp]: No live widgets to Despawn!
[LOG 14:03:10.684] Flight State Captured
[LOG 14:03:10.686] Saving Achievements Tree...
[LOG 14:03:10.687] Saving Achievements Tree...
[LOG 14:03:10.700] Game State Saved as persistent
[LOG 14:03:11.200] Unpacking testcraft
[LOG 14:03:25.468] [AsteroidSpawner]: New object found near Kerbin: Ast. JEO-579!
[EXC 14:03:25.470] Exception: [VesselSpawner Error]: No part in loader found with name: PotatoRoid.
	ProtoVessel.CreatePartNode (System.String partName, UInt32 id, .ProtoCrewMember[] crew)
	ScenarioDiscoverableObjects.SpawnHomeAsteroid (Int32 asteroidSeed)
	ScenarioDiscoverableObjects.SpawnAsteroid ()
	ScenarioDiscoverableObjects.UpdateAsteroids (Double UT)
	ScenarioDiscoverableObjects+.MoveNext ()
